INFO 2024-02-12 12:36:48,366 django.utils.autoreload MainThread 140140110131200 autoreload autoreload.py 643 django.utils.autoreload run_with_reloader 102550 Watching for file changes with StatReloader
INFO 2024-02-12 12:37:12,298 django.server Thread-1 (process_request_thread) 140139665806912 basehttp basehttp.py 179 django.server log_message 102550 "GET / HTTP/1.1" 200 2604
INFO 2024-02-12 12:37:22,416 django.server Thread-1 (process_request_thread) 140139665806912 basehttp basehttp.py 179 django.server log_message 102550 "GET /metrics HTTP/1.1" 200 18579
WARNING 2024-02-12 12:37:37,383 django.request Thread-1 (process_request_thread) 140139665806912 log log.py 225 django.request log_response 102550 Not Found: /king
WARNING 2024-02-12 12:37:37,383 django.server Thread-1 (process_request_thread) 140139665806912 basehttp basehttp.py 179 django.server log_message 102550 "GET /king HTTP/1.1" 404 3756
WARNING 2024-02-12 12:38:36,578 django.request Thread-1 (process_request_thread) 140139665806912 log log.py 225 django.request log_response 102550 Not Found: /king
WARNING 2024-02-12 12:38:36,579 django.server Thread-1 (process_request_thread) 140139665806912 basehttp basehttp.py 179 django.server log_message 102550 "GET /king HTTP/1.1" 404 3756
WARNING 2024-02-12 12:38:53,053 django.request Thread-1 (process_request_thread) 140139665806912 log log.py 225 django.request log_response 102550 Not Found: /login
WARNING 2024-02-12 12:38:53,054 django.server Thread-1 (process_request_thread) 140139665806912 basehttp basehttp.py 179 django.server log_message 102550 "GET /login HTTP/1.1" 404 3759
INFO 2024-02-12 12:39:03,417 django.server Thread-1 (process_request_thread) 140139665806912 basehttp basehttp.py 179 django.server log_message 102550 "GET /accounts/login HTTP/1.1" 301 0
INFO 2024-02-12 12:39:03,438 django.server Thread-1 (process_request_thread) 140139665806912 basehttp basehttp.py 179 django.server log_message 102550 "GET /accounts/login/ HTTP/1.1" 200 1568
INFO 2024-02-12 12:39:15,096 django.server Thread-1 (process_request_thread) 140139665806912 basehttp basehttp.py 179 django.server log_message 102550 "POST /accounts/login/ HTTP/1.1" 302 0
INFO 2024-02-12 12:39:18,118 django.server Thread-1 (process_request_thread) 140139665806912 basehttp basehttp.py 179 django.server log_message 102550 "GET /home/ HTTP/1.1" 200 1310
INFO 2024-02-12 12:39:46,355 django.server Thread-1 (process_request_thread) 140139665806912 basehttp basehttp.py 179 django.server log_message 102550 "POST /logout/ HTTP/1.1" 302 0
INFO 2024-02-12 12:39:46,546 django.server Thread-1 (process_request_thread) 140139665806912 basehttp basehttp.py 179 django.server log_message 102550 "GET /home/ HTTP/1.1" 302 0
INFO 2024-02-12 12:39:46,598 django.server Thread-1 (process_request_thread) 140139665806912 basehttp basehttp.py 179 django.server log_message 102550 "GET /must-authenticate/?next=/home/ HTTP/1.1" 200 1507
INFO 2024-02-12 12:39:47,768 django.server Thread-1 (process_request_thread) 140139665806912 basehttp basehttp.py 179 django.server log_message 102550 "GET /accounts/signup/ HTTP/1.1" 200 2604
INFO 2024-02-12 12:40:24,771 django.server Thread-1 (process_request_thread) 140139665806912 basehttp basehttp.py 179 django.server log_message 102550 "POST /accounts/signup/ HTTP/1.1" 302 0
INFO 2024-02-12 12:40:27,673 django.server Thread-1 (process_request_thread) 140139665806912 basehttp basehttp.py 179 django.server log_message 102550 "GET /home/ HTTP/1.1" 200 1310
INFO 2024-02-13 10:36:17,088 django.utils.autoreload MainThread 139885514559488 autoreload autoreload.py 643 django.utils.autoreload run_with_reloader 36978 Watching for file changes with StatReloader
INFO 2024-02-13 10:36:42,269 django.utils.autoreload MainThread 140138764546048 autoreload autoreload.py 643 django.utils.autoreload run_with_reloader 37325 Watching for file changes with StatReloader
INFO 2024-02-13 10:37:03,406 django.server Thread-1 (process_request_thread) 140138315236928 basehttp basehttp.py 179 django.server log_message 37325 "GET / HTTP/1.1" 200 2604
WARNING 2024-02-13 10:37:03,489 django.request Thread-1 (process_request_thread) 140138315236928 log log.py 225 django.request log_response 37325 Not Found: /favicon.ico
WARNING 2024-02-13 10:37:03,490 django.server Thread-1 (process_request_thread) 140138315236928 basehttp basehttp.py 179 django.server log_message 37325 "GET /favicon.ico HTTP/1.1" 404 3777
INFO 2024-02-13 10:37:20,259 django.server Thread-1 (process_request_thread) 140138315236928 basehttp basehttp.py 179 django.server log_message 37325 "GET /accounts/login/ HTTP/1.1" 200 1568
INFO 2024-02-13 10:37:31,441 django.server Thread-1 (process_request_thread) 140138315236928 basehttp basehttp.py 179 django.server log_message 37325 "POST /accounts/login/ HTTP/1.1" 302 0
INFO 2024-02-13 10:37:33,233 django.server Thread-1 (process_request_thread) 140138315236928 basehttp basehttp.py 179 django.server log_message 37325 "GET /home/ HTTP/1.1" 200 1310
INFO 2024-02-13 10:38:35,085 django.utils.autoreload MainThread 140138764546048 autoreload autoreload.py 257 django.utils.autoreload trigger_reload 37325 /home/king/bootcamp_task/wsomething7/portfolio/poncho/poncho/mysite/models.py changed, reloading.
INFO 2024-02-13 10:38:35,622 django.utils.autoreload MainThread 139880233398272 autoreload autoreload.py 643 django.utils.autoreload run_with_reloader 38615 Watching for file changes with StatReloader
INFO 2024-02-13 10:39:06,540 django.utils.autoreload MainThread 139880233398272 autoreload autoreload.py 257 django.utils.autoreload trigger_reload 38615 /home/king/bootcamp_task/wsomething7/portfolio/poncho/poncho/mysite/admin.py changed, reloading.
INFO 2024-02-13 10:39:07,409 django.utils.autoreload MainThread 140045590118400 autoreload autoreload.py 643 django.utils.autoreload run_with_reloader 38998 Watching for file changes with StatReloader
INFO 2024-02-13 10:39:42,975 django.utils.autoreload MainThread 139636641890304 autoreload autoreload.py 643 django.utils.autoreload run_with_reloader 39459 Watching for file changes with StatReloader
INFO 2024-02-13 10:39:46,087 django.server Thread-1 (process_request_thread) 139636332541504 basehttp basehttp.py 179 django.server log_message 39459 "GET /home/ HTTP/1.1" 200 1310
INFO 2024-02-13 10:39:58,043 django.server Thread-1 (process_request_thread) 139636332541504 basehttp basehttp.py 179 django.server log_message 39459 "GET /admin/ HTTP/1.1" 302 0
INFO 2024-02-13 10:40:00,281 django.server Thread-1 (process_request_thread) 139636332541504 basehttp basehttp.py 179 django.server log_message 39459 "GET /admin/login/?next=/admin/ HTTP/1.1" 200 2380
INFO 2024-02-13 10:40:00,371 django.server Thread-4 (process_request_thread) 139635762132544 basehttp basehttp.py 179 django.server log_message 39459 "GET /static/admin/js/nav_sidebar.js HTTP/1.1" 200 3401
INFO 2024-02-13 10:40:00,371 django.server Thread-5 (process_request_thread) 139635753739840 basehttp basehttp.py 179 django.server log_message 39459 "GET /static/admin/css/login.css HTTP/1.1" 200 954
INFO 2024-02-13 10:40:00,372 django.server Thread-2 (process_request_thread) 139636324148800 basehttp basehttp.py 179 django.server log_message 39459 "GET /static/admin/css/nav_sidebar.css HTTP/1.1" 200 2616
INFO 2024-02-13 10:40:00,373 django.server Thread-3 (process_request_thread) 139636314707520 basehttp basehttp.py 179 django.server log_message 39459 "GET /static/admin/css/responsive.css HTTP/1.1" 200 18575
INFO 2024-02-13 10:40:00,432 django.server Thread-1 (process_request_thread) 139636332541504 basehttp basehttp.py 179 django.server log_message 39459 "GET /static/admin/css/base.css HTTP/1.1" 200 19513
INFO 2024-02-13 10:40:00,481 django.server Thread-1 (process_request_thread) 139636332541504 basehttp basehttp.py 179 django.server log_message 39459 "GET /static/admin/css/fonts.css HTTP/1.1" 200 423
INFO 2024-02-13 10:40:00,560 django.server Thread-1 (process_request_thread) 139636332541504 basehttp basehttp.py 179 django.server log_message 39459 "GET /static/admin/fonts/Roboto-Regular-webfont.woff HTTP/1.1" 200 85876
INFO 2024-02-13 10:40:00,561 django.server Thread-5 (process_request_thread) 139635753739840 basehttp basehttp.py 179 django.server log_message 39459 "GET /static/admin/fonts/Roboto-Bold-webfont.woff HTTP/1.1" 200 86184
INFO 2024-02-13 10:40:00,562 django.server Thread-3 (process_request_thread) 139636314707520 basehttp basehttp.py 179 django.server log_message 39459 "GET /static/admin/fonts/Roboto-Light-webfont.woff HTTP/1.1" 200 85692
INFO 2024-02-13 10:40:05,048 django.server Thread-1 (process_request_thread) 139636332541504 basehttp basehttp.py 179 django.server log_message 39459 "POST /admin/login/?next=/admin/ HTTP/1.1" 200 2555
INFO 2024-02-13 10:40:19,480 django.server Thread-1 (process_request_thread) 139636332541504 basehttp basehttp.py 179 django.server log_message 39459 "POST /admin/login/?next=/admin/ HTTP/1.1" 200 2545
INFO 2024-02-13 10:40:27,881 django.server Thread-1 (process_request_thread) 139636332541504 basehttp basehttp.py 179 django.server log_message 39459 "POST /admin/login/?next=/admin/ HTTP/1.1" 200 2545
INFO 2024-02-13 10:40:34,036 django.server Thread-1 (process_request_thread) 139636332541504 basehttp basehttp.py 179 django.server log_message 39459 "POST /admin/login/?next=/admin/ HTTP/1.1" 200 2545
INFO 2024-02-13 10:42:41,492 django.server Thread-1 (process_request_thread) 139636332541504 basehttp basehttp.py 179 django.server log_message 39459 "POST /admin/login/?next=/admin/ HTTP/1.1" 200 2563
INFO 2024-02-13 10:43:03,088 django.server Thread-1 (process_request_thread) 139636332541504 basehttp basehttp.py 179 django.server log_message 39459 "POST /admin/login/?next=/admin/ HTTP/1.1" 302 0
INFO 2024-02-13 10:43:05,100 django.server Thread-1 (process_request_thread) 139636332541504 basehttp basehttp.py 179 django.server log_message 39459 "GET /admin/ HTTP/1.1" 200 4297
INFO 2024-02-13 10:43:05,306 django.server Thread-1 (process_request_thread) 139636332541504 basehttp basehttp.py 179 django.server log_message 39459 "GET /static/admin/css/dashboard.css HTTP/1.1" 200 380
INFO 2024-02-13 10:43:05,355 django.server Thread-1 (process_request_thread) 139636332541504 basehttp basehttp.py 179 django.server log_message 39459 "GET /static/admin/img/icon-changelink.svg HTTP/1.1" 200 380
INFO 2024-02-13 10:43:05,356 django.server Thread-5 (process_request_thread) 139635753739840 basehttp basehttp.py 179 django.server log_message 39459 "GET /static/admin/img/icon-addlink.svg HTTP/1.1" 200 331
INFO 2024-02-13 10:43:12,115 django.server Thread-1 (process_request_thread) 139636332541504 basehttp basehttp.py 179 django.server log_message 39459 "GET /admin/mysite/workoutprogram/ HTTP/1.1" 200 5441
INFO 2024-02-13 10:43:12,151 django.server Thread-4 (process_request_thread) 139635762132544 basehttp basehttp.py 179 django.server log_message 39459 "GET /static/admin/js/admin/RelatedObjectLookups.js HTTP/1.1" 200 5984
INFO 2024-02-13 10:43:12,152 django.server Thread-2 (process_request_thread) 139636324148800 basehttp basehttp.py 179 django.server log_message 39459 "GET /static/admin/js/core.js HTTP/1.1" 200 5698
INFO 2024-02-13 10:43:12,152 django.server Thread-6 (process_request_thread) 139635745347136 basehttp basehttp.py 179 django.server log_message 39459 "GET /static/admin/js/actions.js HTTP/1.1" 200 7872
INFO 2024-02-13 10:43:12,154 django.server Thread-3 (process_request_thread) 139636314707520 basehttp basehttp.py 179 django.server log_message 39459 "GET /static/admin/js/vendor/jquery/jquery.js HTTP/1.1" 200 288580
INFO 2024-02-13 10:43:12,162 django.server Thread-4 (process_request_thread) 139635762132544 basehttp basehttp.py 179 django.server log_message 39459 "GET /static/admin/js/urlify.js HTTP/1.1" 200 7902
INFO 2024-02-13 10:43:12,162 django.server Thread-6 (process_request_thread) 139635745347136 basehttp basehttp.py 179 django.server log_message 39459 "GET /static/admin/js/jquery.init.js HTTP/1.1" 200 347
INFO 2024-02-13 10:43:12,163 django.server Thread-3 (process_request_thread) 139636314707520 basehttp basehttp.py 179 django.server log_message 39459 "GET /static/admin/js/prepopulate.js HTTP/1.1" 200 1531
INFO 2024-02-13 10:43:12,165 django.server Thread-2 (process_request_thread) 139636324148800 basehttp basehttp.py 179 django.server log_message 39459 "GET /static/admin/js/vendor/xregexp/xregexp.js HTTP/1.1" 200 232381
INFO 2024-02-13 10:43:12,296 django.server Thread-1 (process_request_thread) 139636332541504 basehttp basehttp.py 179 django.server log_message 39459 "GET /static/admin/css/changelists.css HTTP/1.1" 200 6932
INFO 2024-02-13 10:43:13,923 django.server Thread-5 (process_request_thread) 139635753739840 basehttp basehttp.py 179 django.server log_message 39459 "GET /admin/jsi18n/ HTTP/1.1" 200 3343
INFO 2024-02-13 10:43:14,081 django.server Thread-5 (process_request_thread) 139635753739840 basehttp basehttp.py 179 django.server log_message 39459 "GET /static/admin/img/tooltag-add.svg HTTP/1.1" 200 331
INFO 2024-02-13 10:43:23,214 django.server Thread-5 (process_request_thread) 139635753739840 basehttp basehttp.py 179 django.server log_message 39459 "GET /admin/mysite/workoutprogram/ HTTP/1.1" 200 5441
INFO 2024-02-13 10:43:25,383 django.server Thread-5 (process_request_thread) 139635753739840 basehttp basehttp.py 179 django.server log_message 39459 "GET /admin/jsi18n/ HTTP/1.1" 200 3343
INFO 2024-02-13 10:43:31,093 django.server Thread-5 (process_request_thread) 139635753739840 basehttp basehttp.py 179 django.server log_message 39459 "GET /admin/mysite/workoutprogram/ HTTP/1.1" 200 5441
INFO 2024-02-13 10:43:33,267 django.server Thread-5 (process_request_thread) 139635753739840 basehttp basehttp.py 179 django.server log_message 39459 "GET /admin/jsi18n/ HTTP/1.1" 200 3343
INFO 2024-02-13 10:49:50,207 django.utils.autoreload MainThread 139636641890304 autoreload autoreload.py 257 django.utils.autoreload trigger_reload 39459 /home/king/bootcamp_task/wsomething7/portfolio/poncho/poncho/mysite/views.py changed, reloading.
INFO 2024-02-13 10:49:50,574 django.utils.autoreload MainThread 139913001504768 autoreload autoreload.py 643 django.utils.autoreload run_with_reloader 45327 Watching for file changes with StatReloader
INFO 2024-02-13 10:50:14,349 django.utils.autoreload MainThread 139913001504768 autoreload autoreload.py 257 django.utils.autoreload trigger_reload 45327 /home/king/bootcamp_task/wsomething7/portfolio/poncho/poncho/mysite/urls.py changed, reloading.
INFO 2024-02-13 10:50:15,198 django.utils.autoreload MainThread 140305089908736 autoreload autoreload.py 643 django.utils.autoreload run_with_reloader 45593 Watching for file changes with StatReloader
INFO 2024-02-13 10:50:19,564 django.utils.autoreload MainThread 140305089908736 autoreload autoreload.py 257 django.utils.autoreload trigger_reload 45593 /home/king/bootcamp_task/wsomething7/portfolio/poncho/poncho/mysite/urls.py changed, reloading.
INFO 2024-02-13 10:50:20,277 django.utils.autoreload MainThread 140501540773888 autoreload autoreload.py 643 django.utils.autoreload run_with_reloader 45719 Watching for file changes with StatReloader
INFO 2024-02-13 10:53:34,106 django.utils.autoreload MainThread 140501540773888 autoreload autoreload.py 257 django.utils.autoreload trigger_reload 45719 /home/king/bootcamp_task/wsomething7/portfolio/poncho/poncho/poncho/urls.py changed, reloading.
INFO 2024-02-13 10:53:34,937 django.utils.autoreload MainThread 140370763014144 autoreload autoreload.py 643 django.utils.autoreload run_with_reloader 47280 Watching for file changes with StatReloader
INFO 2024-02-13 10:54:14,755 django.utils.autoreload MainThread 140370763014144 autoreload autoreload.py 257 django.utils.autoreload trigger_reload 47280 /home/king/bootcamp_task/wsomething7/portfolio/poncho/poncho/poncho/urls.py changed, reloading.
INFO 2024-02-13 10:54:15,108 django.utils.autoreload MainThread 140269454807040 autoreload autoreload.py 643 django.utils.autoreload run_with_reloader 47648 Watching for file changes with StatReloader
INFO 2024-02-13 10:54:28,388 django.server Thread-1 (process_request_thread) 140268800046656 basehttp basehttp.py 179 django.server log_message 47648 "GET / HTTP/1.1" 302 0
INFO 2024-02-13 10:54:30,498 django.server Thread-1 (process_request_thread) 140268800046656 basehttp basehttp.py 179 django.server log_message 47648 "GET /api/home/ HTTP/1.1" 200 1310
INFO 2024-02-13 10:54:38,014 django.utils.autoreload MainThread 140269454807040 autoreload autoreload.py 257 django.utils.autoreload trigger_reload 47648 /home/king/bootcamp_task/wsomething7/portfolio/poncho/poncho/poncho/urls.py changed, reloading.
INFO 2024-02-13 10:54:38,366 django.utils.autoreload MainThread 140376982413312 autoreload autoreload.py 643 django.utils.autoreload run_with_reloader 47977 Watching for file changes with StatReloader
INFO 2024-02-13 10:55:05,855 django.server Thread-1 (process_request_thread) 140376669136448 basehttp basehttp.py 179 django.server log_message 47977 "GET /api/workout HTTP/1.1" 301 0
ERROR 2024-02-13 10:55:06,382 django.request Thread-1 (process_request_thread) 140376669136448 log log.py 225 django.request log_response 47977 Internal Server Error: /api/workout/
Traceback (most recent call last):
  File "/home/king/bootcamp_task/wsomething7/portfolio/poncho/myvenv/lib/python3.10/site-packages/django/core/handlers/exception.py", line 47, in inner
    response = get_response(request)
  File "/home/king/bootcamp_task/wsomething7/portfolio/poncho/myvenv/lib/python3.10/site-packages/django/core/handlers/base.py", line 204, in _get_response
    response = response.render()
  File "/home/king/bootcamp_task/wsomething7/portfolio/poncho/myvenv/lib/python3.10/site-packages/django/template/response.py", line 105, in render
    self.content = self.rendered_content
  File "/home/king/bootcamp_task/wsomething7/portfolio/poncho/myvenv/lib/python3.10/site-packages/rest_framework/response.py", line 70, in rendered_content
    ret = renderer.render(self.data, accepted_media_type, context)
  File "/home/king/bootcamp_task/wsomething7/portfolio/poncho/myvenv/lib/python3.10/site-packages/rest_framework/renderers.py", line 722, in render
    template = loader.get_template(self.template)
  File "/home/king/bootcamp_task/wsomething7/portfolio/poncho/myvenv/lib/python3.10/site-packages/django/template/loader.py", line 19, in get_template
    raise TemplateDoesNotExist(template_name, chain=chain)
django.template.exceptions.TemplateDoesNotExist: rest_framework/api.html
ERROR 2024-02-13 10:55:06,383 django.server Thread-1 (process_request_thread) 140376669136448 basehttp basehttp.py 179 django.server log_message 47977 "GET /api/workout/ HTTP/1.1" 500 95836
INFO 2024-02-13 10:56:03,562 django.utils.autoreload MainThread 140376982413312 autoreload autoreload.py 257 django.utils.autoreload trigger_reload 47977 /home/king/bootcamp_task/wsomething7/portfolio/poncho/poncho/poncho/settings.py changed, reloading.
INFO 2024-02-13 10:56:03,947 django.utils.autoreload MainThread 139968143212544 autoreload autoreload.py 643 django.utils.autoreload run_with_reloader 48766 Watching for file changes with StatReloader
INFO 2024-02-13 10:56:09,235 django.server Thread-1 (process_request_thread) 139967966713408 basehttp basehttp.py 179 django.server log_message 48766 "GET /api/workout/ HTTP/1.1" 200 9452
INFO 2024-02-13 10:56:09,268 django.server Thread-6 (process_request_thread) 139967380567616 basehttp basehttp.py 179 django.server log_message 48766 "GET /static/rest_framework/js/ajax-form.js HTTP/1.1" 200 3597
INFO 2024-02-13 10:56:09,269 django.server Thread-3 (process_request_thread) 139967405745728 basehttp basehttp.py 179 django.server log_message 48766 "GET /static/rest_framework/css/prettify.css HTTP/1.1" 200 817
INFO 2024-02-13 10:56:09,269 django.server Thread-4 (process_request_thread) 139967397353024 basehttp basehttp.py 179 django.server log_message 48766 "GET /static/rest_framework/css/default.css HTTP/1.1" 200 1152
INFO 2024-02-13 10:56:09,269 django.server Thread-2 (process_request_thread) 139967414138432 basehttp basehttp.py 179 django.server log_message 48766 "GET /static/rest_framework/css/bootstrap-tweaks.css HTTP/1.1" 200 3385
INFO 2024-02-13 10:56:09,271 django.server Thread-5 (process_request_thread) 139967388960320 basehttp basehttp.py 179 django.server log_message 48766 "GET /static/rest_framework/js/jquery-3.5.1.min.js HTTP/1.1" 200 89476
INFO 2024-02-13 10:56:09,276 django.server Thread-4 (process_request_thread) 139967397353024 basehttp basehttp.py 179 django.server log_message 48766 "GET /static/rest_framework/js/default.js HTTP/1.1" 200 1268
INFO 2024-02-13 10:56:09,276 django.server Thread-6 (process_request_thread) 139967380567616 basehttp basehttp.py 179 django.server log_message 48766 "GET /static/rest_framework/js/csrf.js HTTP/1.1" 200 1719
INFO 2024-02-13 10:56:09,276 django.server Thread-2 (process_request_thread) 139967414138432 basehttp basehttp.py 179 django.server log_message 48766 "GET /static/rest_framework/js/prettify-min.js HTTP/1.1" 200 13632
INFO 2024-02-13 10:56:09,276 django.server Thread-3 (process_request_thread) 139967405745728 basehttp basehttp.py 179 django.server log_message 48766 "GET /static/rest_framework/js/bootstrap.min.js HTTP/1.1" 200 39680
INFO 2024-02-13 10:56:09,387 django.server Thread-1 (process_request_thread) 139967966713408 basehttp basehttp.py 179 django.server log_message 48766 "GET /static/rest_framework/css/bootstrap.min.css HTTP/1.1" 200 121457
INFO 2024-02-13 10:56:09,406 django.server Thread-1 (process_request_thread) 139967966713408 basehttp basehttp.py 179 django.server log_message 48766 "GET /static/rest_framework/img/grid.png HTTP/1.1" 200 1458
INFO 2024-02-13 10:56:56,371 django.server Thread-1 (process_request_thread) 139967966713408 basehttp basehttp.py 179 django.server log_message 48766 "POST /api/workout/ HTTP/1.1" 201 9644
INFO 2024-02-13 10:57:03,194 django.server Thread-1 (process_request_thread) 139967966713408 basehttp basehttp.py 179 django.server log_message 48766 "GET /api/workout/ HTTP/1.1" 200 9657
INFO 2024-02-13 10:57:03,212 django.server Thread-4 (process_request_thread) 139967397353024 basehttp basehttp.py 179 django.server log_message 48766 "GET /static/rest_framework/css/default.css HTTP/1.1" 304 0
INFO 2024-02-13 10:57:03,212 django.server Thread-2 (process_request_thread) 139967414138432 basehttp basehttp.py 179 django.server log_message 48766 "GET /static/rest_framework/css/bootstrap-tweaks.css HTTP/1.1" 304 0
INFO 2024-02-13 10:57:03,213 django.server Thread-6 (process_request_thread) 139967380567616 basehttp basehttp.py 179 django.server log_message 48766 "GET /static/rest_framework/js/jquery-3.5.1.min.js HTTP/1.1" 304 0
INFO 2024-02-13 10:57:03,213 django.server Thread-3 (process_request_thread) 139967405745728 basehttp basehttp.py 179 django.server log_message 48766 "GET /static/rest_framework/css/prettify.css HTTP/1.1" 304 0
INFO 2024-02-13 10:57:03,213 django.server Thread-5 (process_request_thread) 139967388960320 basehttp basehttp.py 179 django.server log_message 48766 "GET /static/rest_framework/js/ajax-form.js HTTP/1.1" 304 0
INFO 2024-02-13 10:57:03,220 django.server Thread-6 (process_request_thread) 139967380567616 basehttp basehttp.py 179 django.server log_message 48766 "GET /static/rest_framework/js/bootstrap.min.js HTTP/1.1" 304 0
INFO 2024-02-13 10:57:03,220 django.server Thread-3 (process_request_thread) 139967405745728 basehttp basehttp.py 179 django.server log_message 48766 "GET /static/rest_framework/js/prettify-min.js HTTP/1.1" 304 0
INFO 2024-02-13 10:57:03,220 django.server Thread-4 (process_request_thread) 139967397353024 basehttp basehttp.py 179 django.server log_message 48766 "GET /static/rest_framework/js/csrf.js HTTP/1.1" 304 0
INFO 2024-02-13 10:57:03,221 django.server Thread-2 (process_request_thread) 139967414138432 basehttp basehttp.py 179 django.server log_message 48766 "GET /static/rest_framework/js/default.js HTTP/1.1" 304 0
INFO 2024-02-13 10:57:03,452 django.server Thread-1 (process_request_thread) 139967966713408 basehttp basehttp.py 179 django.server log_message 48766 "GET /static/rest_framework/css/bootstrap.min.css HTTP/1.1" 304 0
INFO 2024-02-13 10:57:10,182 django.server Thread-1 (process_request_thread) 139967966713408 basehttp basehttp.py 179 django.server log_message 48766 "GET /api/workout/?format=json HTTP/1.1" 200 76
INFO 2024-02-13 10:57:19,690 django.server Thread-1 (process_request_thread) 139967966713408 basehttp basehttp.py 179 django.server log_message 48766 "OPTIONS /api/workout/ HTTP/1.1" 200 11445
INFO 2024-02-13 10:57:31,213 django.server Thread-1 (process_request_thread) 139967966713408 basehttp basehttp.py 179 django.server log_message 48766 "OPTIONS /api/workout/ HTTP/1.1" 200 11445
INFO 2024-02-13 10:57:36,067 django.server Thread-1 (process_request_thread) 139967966713408 basehttp basehttp.py 179 django.server log_message 48766 "GET /api/workout/ HTTP/1.1" 200 9657
INFO 2024-02-13 10:57:55,731 django.utils.autoreload MainThread 139968143212544 autoreload autoreload.py 257 django.utils.autoreload trigger_reload 48766 /home/king/bootcamp_task/wsomething7/portfolio/poncho/poncho/poncho/urls.py changed, reloading.
INFO 2024-02-13 10:57:56,106 django.utils.autoreload MainThread 140501600894976 autoreload autoreload.py 643 django.utils.autoreload run_with_reloader 49895 Watching for file changes with StatReloader
INFO 2024-02-13 10:58:31,388 django.utils.autoreload MainThread 140501600894976 autoreload autoreload.py 257 django.utils.autoreload trigger_reload 49895 /home/king/bootcamp_task/wsomething7/portfolio/poncho/poncho/poncho/urls.py changed, reloading.
INFO 2024-02-13 10:58:32,132 django.utils.autoreload MainThread 140226178854912 autoreload autoreload.py 643 django.utils.autoreload run_with_reloader 50242 Watching for file changes with StatReloader
WARNING 2024-02-13 10:58:42,252 django.request Thread-1 (process_request_thread) 140226001344064 log log.py 225 django.request log_response 50242 Not Found: /home/
WARNING 2024-02-13 10:58:42,252 django.server Thread-1 (process_request_thread) 140226001344064 basehttp basehttp.py 179 django.server log_message 50242 "GET /home/ HTTP/1.1" 404 3698
WARNING 2024-02-13 10:58:47,701 django.request Thread-1 (process_request_thread) 140226001344064 log log.py 225 django.request log_response 50242 Not Found: /home
WARNING 2024-02-13 10:58:47,701 django.server Thread-1 (process_request_thread) 140226001344064 basehttp basehttp.py 179 django.server log_message 50242 "GET /home HTTP/1.1" 404 3695
INFO 2024-02-13 10:59:03,932 django.server Thread-1 (process_request_thread) 140226001344064 basehttp basehttp.py 179 django.server log_message 50242 "GET /api/home HTTP/1.1" 301 0
INFO 2024-02-13 10:59:04,304 django.server Thread-1 (process_request_thread) 140226001344064 basehttp basehttp.py 179 django.server log_message 50242 "GET /api/home/ HTTP/1.1" 200 1310
INFO 2024-02-13 10:59:22,858 django.server Thread-1 (process_request_thread) 140226001344064 basehttp basehttp.py 179 django.server log_message 50242 "GET / HTTP/1.1" 302 0
INFO 2024-02-13 10:59:25,068 django.server Thread-1 (process_request_thread) 140226001344064 basehttp basehttp.py 179 django.server log_message 50242 "GET /api/home/ HTTP/1.1" 200 1310
INFO 2024-02-13 11:00:09,689 django.utils.autoreload MainThread 140226178854912 autoreload autoreload.py 257 django.utils.autoreload trigger_reload 50242 /home/king/bootcamp_task/wsomething7/portfolio/poncho/poncho/mysite/urls.py changed, reloading.
INFO 2024-02-13 11:00:10,054 django.utils.autoreload MainThread 140287663509504 autoreload autoreload.py 643 django.utils.autoreload run_with_reloader 51205 Watching for file changes with StatReloader
INFO 2024-02-13 11:01:04,677 django.server Thread-1 (process_request_thread) 140287347238464 basehttp basehttp.py 179 django.server log_message 51205 "GET /api/workout/?format=json HTTP/1.1" 200 76
INFO 2024-02-13 11:01:09,459 django.server Thread-1 (process_request_thread) 140287347238464 basehttp basehttp.py 179 django.server log_message 51205 "GET /api/workout/ HTTP/1.1" 200 9657
INFO 2024-02-13 11:01:09,474 django.server Thread-3 (process_request_thread) 140286852331072 basehttp basehttp.py 179 django.server log_message 51205 "GET /static/rest_framework/css/prettify.css HTTP/1.1" 304 0
INFO 2024-02-13 11:01:09,475 django.server Thread-2 (process_request_thread) 140287338845760 basehttp basehttp.py 179 django.server log_message 51205 "GET /static/rest_framework/css/bootstrap-tweaks.css HTTP/1.1" 304 0
INFO 2024-02-13 11:01:09,477 django.server Thread-4 (process_request_thread) 140286843938368 basehttp basehttp.py 179 django.server log_message 51205 "GET /static/rest_framework/css/default.css HTTP/1.1" 304 0
INFO 2024-02-13 11:01:09,478 django.server Thread-6 (process_request_thread) 140286827152960 basehttp basehttp.py 179 django.server log_message 51205 "GET /static/rest_framework/js/ajax-form.js HTTP/1.1" 304 0
INFO 2024-02-13 11:01:09,480 django.server Thread-3 (process_request_thread) 140286852331072 basehttp basehttp.py 179 django.server log_message 51205 "GET /static/rest_framework/js/csrf.js HTTP/1.1" 304 0
INFO 2024-02-13 11:01:09,481 django.server Thread-5 (process_request_thread) 140286835545664 basehttp basehttp.py 179 django.server log_message 51205 "GET /static/rest_framework/js/jquery-3.5.1.min.js HTTP/1.1" 304 0
INFO 2024-02-13 11:01:09,481 django.server Thread-4 (process_request_thread) 140286843938368 basehttp basehttp.py 179 django.server log_message 51205 "GET /static/rest_framework/js/prettify-min.js HTTP/1.1" 304 0
INFO 2024-02-13 11:01:09,481 django.server Thread-2 (process_request_thread) 140287338845760 basehttp basehttp.py 179 django.server log_message 51205 "GET /static/rest_framework/js/bootstrap.min.js HTTP/1.1" 304 0
INFO 2024-02-13 11:01:09,483 django.server Thread-6 (process_request_thread) 140286827152960 basehttp basehttp.py 179 django.server log_message 51205 "GET /static/rest_framework/js/default.js HTTP/1.1" 304 0
INFO 2024-02-13 11:01:09,629 django.server Thread-1 (process_request_thread) 140287347238464 basehttp basehttp.py 179 django.server log_message 51205 "GET /static/rest_framework/css/bootstrap.min.css HTTP/1.1" 304 0
INFO 2024-02-13 11:01:28,087 django.utils.autoreload MainThread 140287663509504 autoreload autoreload.py 257 django.utils.autoreload trigger_reload 51205 /home/king/bootcamp_task/wsomething7/portfolio/poncho/poncho/mysite/views.py changed, reloading.
INFO 2024-02-13 11:01:28,459 django.utils.autoreload MainThread 140673186091008 autoreload autoreload.py 643 django.utils.autoreload run_with_reloader 51963 Watching for file changes with StatReloader
INFO 2024-02-13 11:02:37,836 django.server Thread-1 (process_request_thread) 140672526972480 basehttp basehttp.py 179 django.server log_message 51963 "OPTIONS /api/workout/ HTTP/1.1" 200 11445
INFO 2024-02-13 11:02:50,475 django.server Thread-1 (process_request_thread) 140672526972480 basehttp basehttp.py 179 django.server log_message 51963 "GET /api/workout/?format=api HTTP/1.1" 200 9723
INFO 2024-02-13 11:02:50,493 django.server Thread-4 (process_request_thread) 140672501794368 basehttp basehttp.py 179 django.server log_message 51963 "GET /static/rest_framework/css/default.css HTTP/1.1" 304 0
INFO 2024-02-13 11:02:50,493 django.server Thread-2 (process_request_thread) 140673047057984 basehttp basehttp.py 179 django.server log_message 51963 "GET /static/rest_framework/css/bootstrap-tweaks.css HTTP/1.1" 304 0
INFO 2024-02-13 11:02:50,493 django.server Thread-3 (process_request_thread) 140672510187072 basehttp basehttp.py 179 django.server log_message 51963 "GET /static/rest_framework/css/prettify.css HTTP/1.1" 304 0
INFO 2024-02-13 11:02:50,493 django.server Thread-5 (process_request_thread) 140672493401664 basehttp basehttp.py 179 django.server log_message 51963 "GET /static/rest_framework/js/jquery-3.5.1.min.js HTTP/1.1" 304 0
INFO 2024-02-13 11:02:50,495 django.server Thread-6 (process_request_thread) 140672485008960 basehttp basehttp.py 179 django.server log_message 51963 "GET /static/rest_framework/js/ajax-form.js HTTP/1.1" 304 0
INFO 2024-02-13 11:02:50,499 django.server Thread-3 (process_request_thread) 140672510187072 basehttp basehttp.py 179 django.server log_message 51963 "GET /static/rest_framework/js/default.js HTTP/1.1" 304 0
INFO 2024-02-13 11:02:50,500 django.server Thread-5 (process_request_thread) 140672493401664 basehttp basehttp.py 179 django.server log_message 51963 "GET /static/rest_framework/js/prettify-min.js HTTP/1.1" 304 0
INFO 2024-02-13 11:02:50,500 django.server Thread-4 (process_request_thread) 140672501794368 basehttp basehttp.py 179 django.server log_message 51963 "GET /static/rest_framework/js/csrf.js HTTP/1.1" 304 0
INFO 2024-02-13 11:02:50,500 django.server Thread-2 (process_request_thread) 140673047057984 basehttp basehttp.py 179 django.server log_message 51963 "GET /static/rest_framework/js/bootstrap.min.js HTTP/1.1" 304 0
INFO 2024-02-13 11:02:50,623 django.server Thread-1 (process_request_thread) 140672526972480 basehttp basehttp.py 179 django.server log_message 51963 "GET /static/rest_framework/css/bootstrap.min.css HTTP/1.1" 304 0
INFO 2024-02-13 11:02:59,637 django.server Thread-1 (process_request_thread) 140672526972480 basehttp basehttp.py 179 django.server log_message 51963 "GET /api/workout/?format=api HTTP/1.1" 200 9723
INFO 2024-02-13 11:03:25,829 django.server Thread-1 (process_request_thread) 140672526972480 basehttp basehttp.py 179 django.server log_message 51963 "GET /api/workout/1 HTTP/1.1" 301 0
INFO 2024-02-13 11:03:27,906 django.server Thread-1 (process_request_thread) 140672526972480 basehttp basehttp.py 179 django.server log_message 51963 "GET /api/workout/1/ HTTP/1.1" 200 11131
INFO 2024-02-13 11:03:50,680 django.server Thread-1 (process_request_thread) 140672526972480 basehttp basehttp.py 179 django.server log_message 51963 "PUT /api/workout/1/ HTTP/1.1" 200 11131
INFO 2024-02-13 11:03:56,349 django.server Thread-1 (process_request_thread) 140672526972480 basehttp basehttp.py 179 django.server log_message 51963 "GET /api/workout/1/ HTTP/1.1" 200 11131
INFO 2024-02-13 11:06:31,738 django.server Thread-1 (process_request_thread) 140672526972480 basehttp basehttp.py 179 django.server log_message 51963 "PUT /api/workout/1/ HTTP/1.1" 200 11149
INFO 2024-02-13 11:06:39,646 django.server Thread-1 (process_request_thread) 140672526972480 basehttp basehttp.py 179 django.server log_message 51963 "GET /api/workout/ HTTP/1.1" 200 9663
INFO 2024-02-13 11:06:39,661 django.server Thread-4 (process_request_thread) 140672501794368 basehttp basehttp.py 179 django.server log_message 51963 "GET /static/rest_framework/css/bootstrap-tweaks.css HTTP/1.1" 304 0
INFO 2024-02-13 11:06:39,661 django.server Thread-3 (process_request_thread) 140672510187072 basehttp basehttp.py 179 django.server log_message 51963 "GET /static/rest_framework/css/default.css HTTP/1.1" 304 0
INFO 2024-02-13 11:06:39,662 django.server Thread-2 (process_request_thread) 140673047057984 basehttp basehttp.py 179 django.server log_message 51963 "GET /static/rest_framework/js/jquery-3.5.1.min.js HTTP/1.1" 304 0
INFO 2024-02-13 11:06:39,662 django.server Thread-5 (process_request_thread) 140672493401664 basehttp basehttp.py 179 django.server log_message 51963 "GET /static/rest_framework/css/prettify.css HTTP/1.1" 304 0
INFO 2024-02-13 11:06:39,663 django.server Thread-6 (process_request_thread) 140672485008960 basehttp basehttp.py 179 django.server log_message 51963 "GET /static/rest_framework/js/ajax-form.js HTTP/1.1" 304 0
INFO 2024-02-13 11:06:39,669 django.server Thread-4 (process_request_thread) 140672501794368 basehttp basehttp.py 179 django.server log_message 51963 "GET /static/rest_framework/js/csrf.js HTTP/1.1" 304 0
INFO 2024-02-13 11:06:39,670 django.server Thread-5 (process_request_thread) 140672493401664 basehttp basehttp.py 179 django.server log_message 51963 "GET /static/rest_framework/js/bootstrap.min.js HTTP/1.1" 304 0
INFO 2024-02-13 11:06:39,670 django.server Thread-3 (process_request_thread) 140672510187072 basehttp basehttp.py 179 django.server log_message 51963 "GET /static/rest_framework/js/prettify-min.js HTTP/1.1" 304 0
INFO 2024-02-13 11:06:39,670 django.server Thread-2 (process_request_thread) 140673047057984 basehttp basehttp.py 179 django.server log_message 51963 "GET /static/rest_framework/js/default.js HTTP/1.1" 304 0
INFO 2024-02-13 11:06:39,963 django.server Thread-1 (process_request_thread) 140672526972480 basehttp basehttp.py 179 django.server log_message 51963 "GET /static/rest_framework/css/bootstrap.min.css HTTP/1.1" 304 0
INFO 2024-02-13 11:07:33,836 django.server Thread-1 (process_request_thread) 140672526972480 basehttp basehttp.py 179 django.server log_message 51963 "POST /api/workout/ HTTP/1.1" 201 9678
INFO 2024-02-13 11:07:43,545 django.server Thread-1 (process_request_thread) 140672526972480 basehttp basehttp.py 179 django.server log_message 51963 "GET /api/workout/ HTTP/1.1" 200 9885
INFO 2024-02-13 11:08:12,007 django.utils.autoreload MainThread 140673186091008 autoreload autoreload.py 257 django.utils.autoreload trigger_reload 51963 /home/king/bootcamp_task/wsomething7/portfolio/poncho/poncho/mysite/views.py changed, reloading.
INFO 2024-02-13 11:08:12,365 django.utils.autoreload MainThread 140577960288256 autoreload autoreload.py 643 django.utils.autoreload run_with_reloader 55426 Watching for file changes with StatReloader
INFO 2024-02-13 11:22:46,963 django.utils.autoreload MainThread 140479482978304 autoreload autoreload.py 643 django.utils.autoreload run_with_reloader 66595 Watching for file changes with StatReloader
INFO 2024-02-13 11:23:13,130 django.utils.autoreload MainThread 140708657217536 autoreload autoreload.py 643 django.utils.autoreload run_with_reloader 66866 Watching for file changes with StatReloader
INFO 2024-02-13 11:23:35,766 django.server Thread-1 (process_request_thread) 140708212102720 basehttp basehttp.py 179 django.server log_message 66866 "GET / HTTP/1.1" 302 0
INFO 2024-02-13 11:23:37,833 django.server Thread-1 (process_request_thread) 140708212102720 basehttp basehttp.py 179 django.server log_message 66866 "GET /api/home/ HTTP/1.1" 200 1770
INFO 2024-02-13 11:27:45,030 django.server Thread-1 (process_request_thread) 140708212102720 basehttp basehttp.py 179 django.server log_message 66866 "GET /api/home/ HTTP/1.1" 200 1779
INFO 2024-02-13 11:28:14,433 django.server Thread-1 (process_request_thread) 140708212102720 basehttp basehttp.py 179 django.server log_message 66866 "GET /api/home/ HTTP/1.1" 200 1779
INFO 2024-02-13 11:29:09,292 django.server Thread-1 (process_request_thread) 140708212102720 basehttp basehttp.py 179 django.server log_message 66866 "GET /api/home/ HTTP/1.1" 200 1779
INFO 2024-02-13 11:29:37,390 django.server Thread-1 (process_request_thread) 140708212102720 basehttp basehttp.py 179 django.server log_message 66866 "GET /api/home/ HTTP/1.1" 200 1788
INFO 2024-02-13 11:29:56,130 django.server Thread-1 (process_request_thread) 140708212102720 basehttp basehttp.py 179 django.server log_message 66866 "GET /api/home/ HTTP/1.1" 200 1797
INFO 2024-02-13 11:32:30,092 django.server Thread-1 (process_request_thread) 140708212102720 basehttp basehttp.py 179 django.server log_message 66866 "GET /api/home/ HTTP/1.1" 200 1797
INFO 2024-02-13 11:33:43,841 django.server Thread-1 (process_request_thread) 140708212102720 basehttp basehttp.py 179 django.server log_message 66866 "GET /api/home/ HTTP/1.1" 200 1797
INFO 2024-02-13 11:33:57,097 django.server Thread-1 (process_request_thread) 140708212102720 basehttp basehttp.py 179 django.server log_message 66866 "GET /api/workout/ HTTP/1.1" 200 9885
INFO 2024-02-13 11:33:57,112 django.server Thread-6 (process_request_thread) 140708582794816 basehttp basehttp.py 179 django.server log_message 66866 "GET /static/rest_framework/css/bootstrap-tweaks.css HTTP/1.1" 304 0
INFO 2024-02-13 11:33:57,113 django.server Thread-8 (process_request_thread) 140708185876032 basehttp basehttp.py 179 django.server log_message 66866 "GET /static/rest_framework/css/default.css HTTP/1.1" 304 0
INFO 2024-02-13 11:33:57,114 django.server Thread-9 (process_request_thread) 140708177483328 basehttp basehttp.py 179 django.server log_message 66866 "GET /static/rest_framework/js/jquery-3.5.1.min.js HTTP/1.1" 304 0
INFO 2024-02-13 11:33:57,114 django.server Thread-7 (process_request_thread) 140708194268736 basehttp basehttp.py 179 django.server log_message 66866 "GET /static/rest_framework/css/prettify.css HTTP/1.1" 304 0
INFO 2024-02-13 11:33:57,117 django.server Thread-6 (process_request_thread) 140708582794816 basehttp basehttp.py 179 django.server log_message 66866 "GET /static/rest_framework/js/bootstrap.min.js HTTP/1.1" 304 0
INFO 2024-02-13 11:33:57,118 django.server Thread-10 (process_request_thread) 140707624908352 basehttp basehttp.py 179 django.server log_message 66866 "GET /static/rest_framework/js/ajax-form.js HTTP/1.1" 304 0
INFO 2024-02-13 11:33:57,119 django.server Thread-9 (process_request_thread) 140708177483328 basehttp basehttp.py 179 django.server log_message 66866 "GET /static/rest_framework/js/prettify-min.js HTTP/1.1" 304 0
INFO 2024-02-13 11:33:57,119 django.server Thread-8 (process_request_thread) 140708185876032 basehttp basehttp.py 179 django.server log_message 66866 "GET /static/rest_framework/js/csrf.js HTTP/1.1" 304 0
INFO 2024-02-13 11:33:57,120 django.server Thread-7 (process_request_thread) 140708194268736 basehttp basehttp.py 179 django.server log_message 66866 "GET /static/rest_framework/js/default.js HTTP/1.1" 304 0
INFO 2024-02-13 11:33:57,278 django.server Thread-1 (process_request_thread) 140708212102720 basehttp basehttp.py 179 django.server log_message 66866 "GET /static/rest_framework/css/bootstrap.min.css HTTP/1.1" 304 0
INFO 2024-02-13 11:33:57,348 django.server Thread-1 (process_request_thread) 140708212102720 basehttp basehttp.py 179 django.server log_message 66866 "GET /static/rest_framework/img/grid.png HTTP/1.1" 304 0
INFO 2024-02-13 11:34:07,070 django.server Thread-1 (process_request_thread) 140708212102720 basehttp basehttp.py 179 django.server log_message 66866 "GET /api/home/ HTTP/1.1" 200 1797
ERROR 2024-02-13 11:34:39,253 django.request Thread-1 (process_request_thread) 140708212102720 log log.py 225 django.request log_response 66866 Internal Server Error: /api/home/
Traceback (most recent call last):
  File "/home/king/bootcamp_task/wsomething7/portfolio/poncho/myvenv/lib/python3.10/site-packages/django/template/backends/django.py", line 61, in render
    return self.template.render(context)
  File "/home/king/bootcamp_task/wsomething7/portfolio/poncho/myvenv/lib/python3.10/site-packages/django/template/base.py", line 176, in render
    return self._render(context)
  File "/home/king/bootcamp_task/wsomething7/portfolio/poncho/myvenv/lib/python3.10/site-packages/django/template/base.py", line 168, in _render
    return self.nodelist.render(context)
  File "/home/king/bootcamp_task/wsomething7/portfolio/poncho/myvenv/lib/python3.10/site-packages/django/template/base.py", line 977, in render
    return SafeString(''.join([
  File "/home/king/bootcamp_task/wsomething7/portfolio/poncho/myvenv/lib/python3.10/site-packages/django/template/base.py", line 978, in <listcomp>
    node.render_annotated(context) for node in self
  File "/home/king/bootcamp_task/wsomething7/portfolio/poncho/myvenv/lib/python3.10/site-packages/django/template/base.py", line 938, in render_annotated
    return self.render(context)
  File "/home/king/bootcamp_task/wsomething7/portfolio/poncho/myvenv/lib/python3.10/site-packages/django/template/loader_tags.py", line 153, in render
    return compiled_parent._render(context)
  File "/home/king/bootcamp_task/wsomething7/portfolio/poncho/myvenv/lib/python3.10/site-packages/django/template/base.py", line 168, in _render
    return self.nodelist.render(context)
  File "/home/king/bootcamp_task/wsomething7/portfolio/poncho/myvenv/lib/python3.10/site-packages/django/template/base.py", line 977, in render
    return SafeString(''.join([
  File "/home/king/bootcamp_task/wsomething7/portfolio/poncho/myvenv/lib/python3.10/site-packages/django/template/base.py", line 978, in <listcomp>
    node.render_annotated(context) for node in self
  File "/home/king/bootcamp_task/wsomething7/portfolio/poncho/myvenv/lib/python3.10/site-packages/django/template/base.py", line 938, in render_annotated
    return self.render(context)
  File "/home/king/bootcamp_task/wsomething7/portfolio/poncho/myvenv/lib/python3.10/site-packages/django/template/loader_tags.py", line 65, in render
    result = block.nodelist.render(context)
  File "/home/king/bootcamp_task/wsomething7/portfolio/poncho/myvenv/lib/python3.10/site-packages/django/template/base.py", line 977, in render
    return SafeString(''.join([
  File "/home/king/bootcamp_task/wsomething7/portfolio/poncho/myvenv/lib/python3.10/site-packages/django/template/base.py", line 978, in <listcomp>
    node.render_annotated(context) for node in self
  File "/home/king/bootcamp_task/wsomething7/portfolio/poncho/myvenv/lib/python3.10/site-packages/django/template/base.py", line 938, in render_annotated
    return self.render(context)
  File "/home/king/bootcamp_task/wsomething7/portfolio/poncho/myvenv/lib/python3.10/site-packages/django/template/loader_tags.py", line 189, in render
    template = context.template.engine.select_template(template_name)
  File "/home/king/bootcamp_task/wsomething7/portfolio/poncho/myvenv/lib/python3.10/site-packages/django/template/engine.py", line 200, in select_template
    raise TemplateDoesNotExist(', '.join(not_found))
django.template.exceptions.TemplateDoesNotExist: templates/mysite/snippets/home_css.html

The above exception was the direct cause of the following exception:

Traceback (most recent call last):
  File "/home/king/bootcamp_task/wsomething7/portfolio/poncho/myvenv/lib/python3.10/site-packages/django/core/handlers/exception.py", line 47, in inner
    response = get_response(request)
  File "/home/king/bootcamp_task/wsomething7/portfolio/poncho/myvenv/lib/python3.10/site-packages/django/core/handlers/base.py", line 181, in _get_response
    response = wrapped_callback(request, *callback_args, **callback_kwargs)
  File "/home/king/bootcamp_task/wsomething7/portfolio/poncho/myvenv/lib/python3.10/site-packages/django/contrib/auth/decorators.py", line 21, in _wrapped_view
    return view_func(request, *args, **kwargs)
  File "/home/king/bootcamp_task/wsomething7/portfolio/poncho/poncho/mysite/views.py", line 7, in home_view
    return render(request, 'mysite/home.html')
  File "/home/king/bootcamp_task/wsomething7/portfolio/poncho/myvenv/lib/python3.10/site-packages/django/shortcuts.py", line 19, in render
    content = loader.render_to_string(template_name, context, request, using=using)
  File "/home/king/bootcamp_task/wsomething7/portfolio/poncho/myvenv/lib/python3.10/site-packages/django/template/loader.py", line 62, in render_to_string
    return template.render(context, request)
  File "/home/king/bootcamp_task/wsomething7/portfolio/poncho/myvenv/lib/python3.10/site-packages/django/template/backends/django.py", line 63, in render
    reraise(exc, self.backend)
  File "/home/king/bootcamp_task/wsomething7/portfolio/poncho/myvenv/lib/python3.10/site-packages/django/template/backends/django.py", line 84, in reraise
    raise new from exc
django.template.exceptions.TemplateDoesNotExist: templates/mysite/snippets/home_css.html
ERROR 2024-02-13 11:34:39,255 django.server Thread-1 (process_request_thread) 140708212102720 basehttp basehttp.py 179 django.server log_message 66866 "GET /api/home/ HTTP/1.1" 500 179245
INFO 2024-02-13 11:37:47,102 django.server Thread-1 (process_request_thread) 140708212102720 basehttp basehttp.py 179 django.server log_message 66866 "GET /api/home/ HTTP/1.1" 200 9508
INFO 2024-02-13 11:37:47,274 django.server Thread-1 (process_request_thread) 140708212102720 basehttp basehttp.py 179 django.server log_message 66866 "GET /static/homePageBg.jpeg HTTP/1.1" 200 7240
INFO 2024-02-13 11:38:00,030 django.server Thread-1 (process_request_thread) 140708212102720 basehttp basehttp.py 179 django.server log_message 66866 "GET /api/home/ HTTP/1.1" 200 9499
INFO 2024-02-13 11:38:16,178 django.server Thread-1 (process_request_thread) 140708212102720 basehttp basehttp.py 179 django.server log_message 66866 "GET /api/home/ HTTP/1.1" 200 9490
INFO 2024-02-13 11:38:33,667 django.server Thread-1 (process_request_thread) 140708212102720 basehttp basehttp.py 179 django.server log_message 66866 "GET /api/home/ HTTP/1.1" 200 9497
INFO 2024-02-13 11:56:17,699 django.utils.autoreload MainThread 140329371406336 autoreload autoreload.py 643 django.utils.autoreload run_with_reloader 82457 Watching for file changes with StatReloader
INFO 2024-02-13 11:56:21,968 django.server Thread-1 (process_request_thread) 140328786978368 basehttp basehttp.py 179 django.server log_message 82457 "GET /api/workout/ HTTP/1.1" 200 9885
INFO 2024-02-13 11:56:21,988 django.server Thread-3 (process_request_thread) 140328770192960 basehttp basehttp.py 179 django.server log_message 82457 "GET /static/rest_framework/css/prettify.css HTTP/1.1" 304 0
INFO 2024-02-13 11:56:21,988 django.server Thread-2 (process_request_thread) 140328778585664 basehttp basehttp.py 179 django.server log_message 82457 "GET /static/rest_framework/css/bootstrap-tweaks.css HTTP/1.1" 304 0
INFO 2024-02-13 11:56:21,988 django.server Thread-4 (process_request_thread) 140328761800256 basehttp basehttp.py 179 django.server log_message 82457 "GET /static/rest_framework/css/default.css HTTP/1.1" 304 0
INFO 2024-02-13 11:56:21,990 django.server Thread-5 (process_request_thread) 140328753407552 basehttp basehttp.py 179 django.server log_message 82457 "GET /static/rest_framework/js/jquery-3.5.1.min.js HTTP/1.1" 304 0
INFO 2024-02-13 11:56:21,992 django.server Thread-6 (process_request_thread) 140328745014848 basehttp basehttp.py 179 django.server log_message 82457 "GET /static/rest_framework/js/ajax-form.js HTTP/1.1" 304 0
INFO 2024-02-13 11:56:21,995 django.server Thread-2 (process_request_thread) 140328778585664 basehttp basehttp.py 179 django.server log_message 82457 "GET /static/rest_framework/js/bootstrap.min.js HTTP/1.1" 304 0
INFO 2024-02-13 11:56:21,996 django.server Thread-3 (process_request_thread) 140328770192960 basehttp basehttp.py 179 django.server log_message 82457 "GET /static/rest_framework/js/prettify-min.js HTTP/1.1" 304 0
INFO 2024-02-13 11:56:21,996 django.server Thread-4 (process_request_thread) 140328761800256 basehttp basehttp.py 179 django.server log_message 82457 "GET /static/rest_framework/js/csrf.js HTTP/1.1" 304 0
INFO 2024-02-13 11:56:21,998 django.server Thread-5 (process_request_thread) 140328753407552 basehttp basehttp.py 179 django.server log_message 82457 "GET /static/rest_framework/js/default.js HTTP/1.1" 304 0
INFO 2024-02-13 11:56:22,153 django.server Thread-1 (process_request_thread) 140328786978368 basehttp basehttp.py 179 django.server log_message 82457 "GET /static/rest_framework/css/bootstrap.min.css HTTP/1.1" 304 0
INFO 2024-02-13 11:56:22,212 django.server Thread-1 (process_request_thread) 140328786978368 basehttp basehttp.py 179 django.server log_message 82457 "GET /static/rest_framework/img/grid.png HTTP/1.1" 304 0
INFO 2024-02-13 11:56:28,500 django.server Thread-1 (process_request_thread) 140328786978368 basehttp basehttp.py 179 django.server log_message 82457 "GET /api/home/ HTTP/1.1" 200 2377
INFO 2024-02-13 12:01:18,780 django.server Thread-1 (process_request_thread) 140328786978368 basehttp basehttp.py 179 django.server log_message 82457 "GET /api/home/ HTTP/1.1" 200 2377
INFO 2024-02-13 12:01:30,321 django.utils.autoreload MainThread 139629438111744 autoreload autoreload.py 643 django.utils.autoreload run_with_reloader 85531 Watching for file changes with StatReloader
INFO 2024-02-13 12:01:34,811 django.server Thread-1 (process_request_thread) 139628782810688 basehttp basehttp.py 179 django.server log_message 85531 "GET /api/home/ HTTP/1.1" 200 2377
INFO 2024-02-13 12:02:16,694 django.utils.autoreload MainThread 140605321269248 autoreload autoreload.py 643 django.utils.autoreload run_with_reloader 86165 Watching for file changes with StatReloader
INFO 2024-02-13 12:02:20,538 django.server Thread-1 (process_request_thread) 140604738627136 basehttp basehttp.py 179 django.server log_message 86165 "GET / HTTP/1.1" 302 0
INFO 2024-02-13 12:02:22,386 django.server Thread-1 (process_request_thread) 140604738627136 basehttp basehttp.py 179 django.server log_message 86165 "GET /api/home/ HTTP/1.1" 200 2377
INFO 2024-02-13 12:02:28,517 django.server Thread-1 (process_request_thread) 140604738627136 basehttp basehttp.py 179 django.server log_message 86165 "GET /api/home/ HTTP/1.1" 200 2377
INFO 2024-02-13 12:02:51,708 django.utils.autoreload MainThread 139852311093248 autoreload autoreload.py 643 django.utils.autoreload run_with_reloader 86672 Watching for file changes with StatReloader
INFO 2024-02-13 12:03:00,389 django.server Thread-1 (process_request_thread) 139851651348032 basehttp basehttp.py 179 django.server log_message 86672 "GET /api/home/ HTTP/1.1" 200 2377
INFO 2024-02-13 12:03:03,465 django.server Thread-1 (process_request_thread) 139851651348032 basehttp basehttp.py 179 django.server log_message 86672 "GET /api/home/ HTTP/1.1" 200 2377
INFO 2024-02-13 12:03:18,832 django.utils.autoreload MainThread 140705458966528 autoreload autoreload.py 643 django.utils.autoreload run_with_reloader 87174 Watching for file changes with StatReloader
INFO 2024-02-13 12:03:25,408 django.server Thread-1 (process_request_thread) 140704806336064 basehttp basehttp.py 179 django.server log_message 87174 "GET / HTTP/1.1" 302 0
INFO 2024-02-13 12:03:27,374 django.server Thread-1 (process_request_thread) 140704806336064 basehttp basehttp.py 179 django.server log_message 87174 "GET /api/home/ HTTP/1.1" 200 2377
INFO 2024-02-13 12:04:21,181 django.server Thread-1 (process_request_thread) 140704806336064 basehttp basehttp.py 179 django.server log_message 87174 "GET / HTTP/1.1" 302 0
INFO 2024-02-13 12:04:22,997 django.server Thread-1 (process_request_thread) 140704806336064 basehttp basehttp.py 179 django.server log_message 87174 "GET /api/home/ HTTP/1.1" 200 2377
INFO 2024-02-13 12:04:43,344 django.server Thread-3 (process_request_thread) 140704797943360 basehttp basehttp.py 179 django.server log_message 87174 "GET /api/home/ HTTP/1.1" 302 0
INFO 2024-02-13 12:04:43,356 django.server Thread-3 (process_request_thread) 140704797943360 basehttp basehttp.py 179 django.server log_message 87174 "GET /must-authenticate/?next=/api/home/ HTTP/1.1" 200 1507
INFO 2024-02-13 12:04:46,988 django.server Thread-3 (process_request_thread) 140704797943360 basehttp basehttp.py 179 django.server log_message 87174 "GET /accounts/login/ HTTP/1.1" 200 1568
INFO 2024-02-13 12:04:54,139 django.server Thread-3 (process_request_thread) 140704797943360 basehttp basehttp.py 179 django.server log_message 87174 "POST /accounts/login/ HTTP/1.1" 302 0
INFO 2024-02-13 12:04:56,457 django.server Thread-3 (process_request_thread) 140704797943360 basehttp basehttp.py 179 django.server log_message 87174 "GET /api/home/ HTTP/1.1" 200 2377
INFO 2024-02-13 12:04:56,633 django.server Thread-3 (process_request_thread) 140704797943360 basehttp basehttp.py 179 django.server log_message 87174 "GET /static/homePageBg.jpeg HTTP/1.1" 200 76371
INFO 2024-02-13 12:05:09,575 django.server Thread-3 (process_request_thread) 140704797943360 basehttp basehttp.py 179 django.server log_message 87174 "GET /api/workout/ HTTP/1.1" 200 9885
INFO 2024-02-13 12:05:09,632 django.server Thread-8 (process_request_thread) 140704755979840 basehttp basehttp.py 179 django.server log_message 87174 "GET /static/rest_framework/js/ajax-form.js HTTP/1.1" 200 3597
INFO 2024-02-13 12:05:09,632 django.server Thread-4 (process_request_thread) 140704789550656 basehttp basehttp.py 179 django.server log_message 87174 "GET /static/rest_framework/css/bootstrap-tweaks.css HTTP/1.1" 200 3385
INFO 2024-02-13 12:05:09,632 django.server Thread-6 (process_request_thread) 140704772765248 basehttp basehttp.py 179 django.server log_message 87174 "GET /static/rest_framework/css/default.css HTTP/1.1" 200 1152
INFO 2024-02-13 12:05:09,632 django.server Thread-5 (process_request_thread) 140704781157952 basehttp basehttp.py 179 django.server log_message 87174 "GET /static/rest_framework/css/prettify.css HTTP/1.1" 200 817
INFO 2024-02-13 12:05:09,633 django.server Thread-7 (process_request_thread) 140704764372544 basehttp basehttp.py 179 django.server log_message 87174 "GET /static/rest_framework/js/jquery-3.5.1.min.js HTTP/1.1" 200 89476
INFO 2024-02-13 12:05:09,640 django.server Thread-6 (process_request_thread) 140704772765248 basehttp basehttp.py 179 django.server log_message 87174 "GET /static/rest_framework/js/default.js HTTP/1.1" 200 1268
INFO 2024-02-13 12:05:09,640 django.server Thread-8 (process_request_thread) 140704755979840 basehttp basehttp.py 179 django.server log_message 87174 "GET /static/rest_framework/js/csrf.js HTTP/1.1" 200 1719
INFO 2024-02-13 12:05:09,641 django.server Thread-4 (process_request_thread) 140704789550656 basehttp basehttp.py 179 django.server log_message 87174 "GET /static/rest_framework/js/prettify-min.js HTTP/1.1" 200 13632
INFO 2024-02-13 12:05:09,641 django.server Thread-5 (process_request_thread) 140704781157952 basehttp basehttp.py 179 django.server log_message 87174 "GET /static/rest_framework/js/bootstrap.min.js HTTP/1.1" 200 39680
INFO 2024-02-13 12:05:09,727 django.server Thread-3 (process_request_thread) 140704797943360 basehttp basehttp.py 179 django.server log_message 87174 "GET /static/rest_framework/css/bootstrap.min.css HTTP/1.1" 200 121457
INFO 2024-02-13 12:05:09,775 django.server Thread-3 (process_request_thread) 140704797943360 basehttp basehttp.py 179 django.server log_message 87174 "GET /static/rest_framework/img/grid.png HTTP/1.1" 200 1458
INFO 2024-02-13 12:07:17,991 django.server Thread-1 (process_request_thread) 140704806336064 basehttp basehttp.py 179 django.server log_message 87174 "GET / HTTP/1.1" 302 0
INFO 2024-02-13 12:07:19,875 django.server Thread-1 (process_request_thread) 140704806336064 basehttp basehttp.py 179 django.server log_message 87174 "GET /api/home/ HTTP/1.1" 200 2377
INFO 2024-02-13 12:07:20,194 django.server Thread-1 (process_request_thread) 140704806336064 basehttp basehttp.py 179 django.server log_message 87174 "GET /static/homePageBg.jpeg HTTP/1.1" 200 76371
INFO 2024-02-13 12:07:45,435 django.server Thread-1 (process_request_thread) 140704806336064 basehttp basehttp.py 179 django.server log_message 87174 "GET /api/workout/ HTTP/1.1" 200 9885
INFO 2024-02-13 12:07:45,452 django.server Thread-9 (process_request_thread) 140704772765248 basehttp basehttp.py 179 django.server log_message 87174 "GET /static/rest_framework/css/bootstrap-tweaks.css HTTP/1.1" 200 3385
INFO 2024-02-13 12:07:45,452 django.server Thread-10 (process_request_thread) 140705300194880 basehttp basehttp.py 179 django.server log_message 87174 "GET /static/rest_framework/css/prettify.css HTTP/1.1" 200 817
INFO 2024-02-13 12:07:45,452 django.server Thread-11 (process_request_thread) 140705291802176 basehttp basehttp.py 179 django.server log_message 87174 "GET /static/rest_framework/css/default.css HTTP/1.1" 200 1152
INFO 2024-02-13 12:07:45,453 django.server Thread-13 (process_request_thread) 140704789550656 basehttp basehttp.py 179 django.server log_message 87174 "GET /static/rest_framework/js/ajax-form.js HTTP/1.1" 200 3597
INFO 2024-02-13 12:07:45,454 django.server Thread-12 (process_request_thread) 140704797943360 basehttp basehttp.py 179 django.server log_message 87174 "GET /static/rest_framework/js/jquery-3.5.1.min.js HTTP/1.1" 200 89476
INFO 2024-02-13 12:07:45,460 django.server Thread-13 (process_request_thread) 140704789550656 basehttp basehttp.py 179 django.server log_message 87174 "GET /static/rest_framework/js/default.js HTTP/1.1" 200 1268
INFO 2024-02-13 12:07:45,460 django.server Thread-11 (process_request_thread) 140705291802176 basehttp basehttp.py 179 django.server log_message 87174 "GET /static/rest_framework/js/prettify-min.js HTTP/1.1" 200 13632
INFO 2024-02-13 12:07:45,461 django.server Thread-10 (process_request_thread) 140705300194880 basehttp basehttp.py 179 django.server log_message 87174 "GET /static/rest_framework/js/csrf.js HTTP/1.1" 200 1719
INFO 2024-02-13 12:07:45,463 django.server Thread-9 (process_request_thread) 140704772765248 basehttp basehttp.py 179 django.server log_message 87174 "GET /static/rest_framework/js/bootstrap.min.js HTTP/1.1" 200 39680
INFO 2024-02-13 12:07:45,667 django.server Thread-1 (process_request_thread) 140704806336064 basehttp basehttp.py 179 django.server log_message 87174 "GET /static/rest_framework/css/bootstrap.min.css HTTP/1.1" 200 121457
INFO 2024-02-13 12:07:45,724 django.server Thread-1 (process_request_thread) 140704806336064 basehttp basehttp.py 179 django.server log_message 87174 "GET /static/rest_framework/img/grid.png HTTP/1.1" 200 1458
ERROR 2024-02-13 12:32:40,495 django.request Thread-16 (process_request_thread) 140704806336064 log log.py 225 django.request log_response 87174 Internal Server Error: /
Traceback (most recent call last):
  File "/home/king/bootcamp_task/wsomething7/portfolio/poncho/myvenv/lib/python3.10/site-packages/django/contrib/sessions/backends/base.py", line 180, in _get_session
    return self._session_cache
AttributeError: 'SessionStore' object has no attribute '_session_cache'

During handling of the above exception, another exception occurred:

Traceback (most recent call last):
  File "/home/king/bootcamp_task/wsomething7/portfolio/poncho/myvenv/lib/python3.10/site-packages/djongo/sql2mongo/query.py", line 808, in __iter__
    yield from iter(self._query)
  File "/home/king/bootcamp_task/wsomething7/portfolio/poncho/myvenv/lib/python3.10/site-packages/djongo/sql2mongo/query.py", line 166, in __iter__
    for doc in cursor:
  File "/home/king/bootcamp_task/wsomething7/portfolio/poncho/myvenv/lib/python3.10/site-packages/pymongo/cursor.py", line 1238, in next
    if len(self.__data) or self._refresh():
  File "/home/king/bootcamp_task/wsomething7/portfolio/poncho/myvenv/lib/python3.10/site-packages/pymongo/cursor.py", line 1130, in _refresh
    self.__session = self.__collection.database.client._ensure_session()
  File "/home/king/bootcamp_task/wsomething7/portfolio/poncho/myvenv/lib/python3.10/site-packages/pymongo/mongo_client.py", line 1935, in _ensure_session
    return self.__start_session(True, causal_consistency=False)
  File "/home/king/bootcamp_task/wsomething7/portfolio/poncho/myvenv/lib/python3.10/site-packages/pymongo/mongo_client.py", line 1883, in __start_session
    server_session = self._get_server_session()
  File "/home/king/bootcamp_task/wsomething7/portfolio/poncho/myvenv/lib/python3.10/site-packages/pymongo/mongo_client.py", line 1921, in _get_server_session
    return self._topology.get_server_session()
  File "/home/king/bootcamp_task/wsomething7/portfolio/poncho/myvenv/lib/python3.10/site-packages/pymongo/topology.py", line 520, in get_server_session
    session_timeout = self._check_session_support()
  File "/home/king/bootcamp_task/wsomething7/portfolio/poncho/myvenv/lib/python3.10/site-packages/pymongo/topology.py", line 504, in _check_session_support
    self._select_servers_loop(
  File "/home/king/bootcamp_task/wsomething7/portfolio/poncho/myvenv/lib/python3.10/site-packages/pymongo/topology.py", line 218, in _select_servers_loop
    raise ServerSelectionTimeoutError(
pymongo.errors.ServerSelectionTimeoutError: No replica set members found yet, Timeout: 5.0s, Topology Description: <TopologyDescription id: 65cb5a86a5a48480a5c203a7, topology_type: ReplicaSetNoPrimary, servers: [<ServerDescription ('ac-9hwmrv5-shard-00-00.vxupnz9.mongodb.net', 27017) server_type: Unknown, rtt: None>, <ServerDescription ('ac-9hwmrv5-shard-00-01.vxupnz9.mongodb.net', 27017) server_type: Unknown, rtt: None>, <ServerDescription ('ac-9hwmrv5-shard-00-02.vxupnz9.mongodb.net', 27017) server_type: Unknown, rtt: None>]>

The above exception was the direct cause of the following exception:

Traceback (most recent call last):
  File "/home/king/bootcamp_task/wsomething7/portfolio/poncho/myvenv/lib/python3.10/site-packages/djongo/cursor.py", line 65, in fetchmany
    ret.append(self.result.next())
  File "/home/king/bootcamp_task/wsomething7/portfolio/poncho/myvenv/lib/python3.10/site-packages/djongo/sql2mongo/query.py", line 797, in __next__
    result = next(self._result_generator)
  File "/home/king/bootcamp_task/wsomething7/portfolio/poncho/myvenv/lib/python3.10/site-packages/djongo/sql2mongo/query.py", line 830, in __iter__
    raise exe from e
djongo.exceptions.SQLDecodeError: 

	Keyword: FAILED SQL: SELECT "django_session"."session_key", "django_session"."session_data", "django_session"."expire_date" FROM "django_session" WHERE ("django_session"."expire_date" > %(0)s AND "django_session"."session_key" = %(1)s) LIMIT 21
Params: (datetime.datetime(2024, 2, 13, 12, 32, 32, 925862), 'hcwk0vt8czwr1wjvgo7jxlae2hrd95ha')
Version: 1.3.6
	Sub SQL: None
	FAILED SQL: None
	Params: None
	Version: None

The above exception was the direct cause of the following exception:

Traceback (most recent call last):
  File "/home/king/bootcamp_task/wsomething7/portfolio/poncho/myvenv/lib/python3.10/site-packages/django/db/utils.py", line 97, in inner
    return func(*args, **kwargs)
  File "/home/king/bootcamp_task/wsomething7/portfolio/poncho/myvenv/lib/python3.10/site-packages/djongo/cursor.py", line 70, in fetchmany
    raise db_exe from e
djongo.database.DatabaseError

The above exception was the direct cause of the following exception:

Traceback (most recent call last):
  File "/home/king/bootcamp_task/wsomething7/portfolio/poncho/myvenv/lib/python3.10/site-packages/django/core/handlers/exception.py", line 47, in inner
    response = get_response(request)
  File "/home/king/bootcamp_task/wsomething7/portfolio/poncho/myvenv/lib/python3.10/site-packages/django/core/handlers/base.py", line 181, in _get_response
    response = wrapped_callback(request, *callback_args, **callback_kwargs)
  File "/home/king/bootcamp_task/wsomething7/portfolio/poncho/myvenv/lib/python3.10/site-packages/django/utils/decorators.py", line 130, in _wrapped_view
    response = view_func(request, *args, **kwargs)
  File "/home/king/bootcamp_task/wsomething7/portfolio/poncho/poncho/accounts/views.py", line 11, in signup_view
    if request.user.is_authenticated:
  File "/home/king/bootcamp_task/wsomething7/portfolio/poncho/myvenv/lib/python3.10/site-packages/django/utils/functional.py", line 248, in inner
    self._setup()
  File "/home/king/bootcamp_task/wsomething7/portfolio/poncho/myvenv/lib/python3.10/site-packages/django/utils/functional.py", line 384, in _setup
    self._wrapped = self._setupfunc()
  File "/home/king/bootcamp_task/wsomething7/portfolio/poncho/myvenv/lib/python3.10/site-packages/django/contrib/auth/middleware.py", line 25, in <lambda>
    request.user = SimpleLazyObject(lambda: get_user(request))
  File "/home/king/bootcamp_task/wsomething7/portfolio/poncho/myvenv/lib/python3.10/site-packages/django/contrib/auth/middleware.py", line 11, in get_user
    request._cached_user = auth.get_user(request)
  File "/home/king/bootcamp_task/wsomething7/portfolio/poncho/myvenv/lib/python3.10/site-packages/django/contrib/auth/__init__.py", line 177, in get_user
    user_id = _get_user_session_key(request)
  File "/home/king/bootcamp_task/wsomething7/portfolio/poncho/myvenv/lib/python3.10/site-packages/django/contrib/auth/__init__.py", line 60, in _get_user_session_key
    return get_user_model()._meta.pk.to_python(request.session[SESSION_KEY])
  File "/home/king/bootcamp_task/wsomething7/portfolio/poncho/myvenv/lib/python3.10/site-packages/django/contrib/sessions/backends/base.py", line 50, in __getitem__
    return self._session[key]
  File "/home/king/bootcamp_task/wsomething7/portfolio/poncho/myvenv/lib/python3.10/site-packages/django/contrib/sessions/backends/base.py", line 185, in _get_session
    self._session_cache = self.load()
  File "/home/king/bootcamp_task/wsomething7/portfolio/poncho/myvenv/lib/python3.10/site-packages/django/contrib/sessions/backends/db.py", line 43, in load
    s = self._get_session_from_db()
  File "/home/king/bootcamp_task/wsomething7/portfolio/poncho/myvenv/lib/python3.10/site-packages/django/contrib/sessions/backends/db.py", line 32, in _get_session_from_db
    return self.model.objects.get(
  File "/home/king/bootcamp_task/wsomething7/portfolio/poncho/myvenv/lib/python3.10/site-packages/django/db/models/manager.py", line 85, in manager_method
    return getattr(self.get_queryset(), name)(*args, **kwargs)
  File "/home/king/bootcamp_task/wsomething7/portfolio/poncho/myvenv/lib/python3.10/site-packages/django/db/models/query.py", line 435, in get
    num = len(clone)
  File "/home/king/bootcamp_task/wsomething7/portfolio/poncho/myvenv/lib/python3.10/site-packages/django/db/models/query.py", line 262, in __len__
    self._fetch_all()
  File "/home/king/bootcamp_task/wsomething7/portfolio/poncho/myvenv/lib/python3.10/site-packages/django/db/models/query.py", line 1354, in _fetch_all
    self._result_cache = list(self._iterable_class(self))
  File "/home/king/bootcamp_task/wsomething7/portfolio/poncho/myvenv/lib/python3.10/site-packages/django/db/models/query.py", line 51, in __iter__
    results = compiler.execute_sql(chunked_fetch=self.chunked_fetch, chunk_size=self.chunk_size)
  File "/home/king/bootcamp_task/wsomething7/portfolio/poncho/myvenv/lib/python3.10/site-packages/django/db/models/sql/compiler.py", line 1234, in execute_sql
    return list(result)
  File "/home/king/bootcamp_task/wsomething7/portfolio/poncho/myvenv/lib/python3.10/site-packages/django/db/models/sql/compiler.py", line 1678, in cursor_iter
    for rows in iter((lambda: cursor.fetchmany(itersize)), sentinel):
  File "/home/king/bootcamp_task/wsomething7/portfolio/poncho/myvenv/lib/python3.10/site-packages/django/db/models/sql/compiler.py", line 1678, in <lambda>
    for rows in iter((lambda: cursor.fetchmany(itersize)), sentinel):
  File "/home/king/bootcamp_task/wsomething7/portfolio/poncho/myvenv/lib/python3.10/site-packages/django/db/utils.py", line 96, in inner
    with self:
  File "/home/king/bootcamp_task/wsomething7/portfolio/poncho/myvenv/lib/python3.10/site-packages/django/db/utils.py", line 90, in __exit__
    raise dj_exc_value.with_traceback(traceback) from exc_value
  File "/home/king/bootcamp_task/wsomething7/portfolio/poncho/myvenv/lib/python3.10/site-packages/django/db/utils.py", line 97, in inner
    return func(*args, **kwargs)
  File "/home/king/bootcamp_task/wsomething7/portfolio/poncho/myvenv/lib/python3.10/site-packages/djongo/cursor.py", line 70, in fetchmany
    raise db_exe from e
django.db.utils.DatabaseError
ERROR 2024-02-13 12:32:40,498 django.server Thread-16 (process_request_thread) 140704806336064 basehttp basehttp.py 179 django.server log_message 87174 "GET / HTTP/1.1" 500 246759
INFO 2024-02-13 12:33:10,980 django.server Thread-16 (process_request_thread) 140704806336064 basehttp basehttp.py 179 django.server log_message 87174 "GET / HTTP/1.1" 302 0
INFO 2024-02-13 12:33:12,983 django.server Thread-16 (process_request_thread) 140704806336064 basehttp basehttp.py 179 django.server log_message 87174 "GET /api/home/ HTTP/1.1" 200 2377
INFO 2024-02-13 12:33:13,131 django.server Thread-16 (process_request_thread) 140704806336064 basehttp basehttp.py 179 django.server log_message 87174 "GET /static/homePageBg.jpeg HTTP/1.1" 304 0
ERROR 2024-02-13 12:33:18,387 django.request Thread-16 (process_request_thread) 140704806336064 log log.py 225 django.request log_response 87174 Internal Server Error: /api/workout/
Traceback (most recent call last):
  File "/home/king/bootcamp_task/wsomething7/portfolio/poncho/myvenv/lib/python3.10/site-packages/django/urls/base.py", line 71, in reverse
    extra, resolver = resolver.namespace_dict[ns]
KeyError: 'rest_framework'

During handling of the above exception, another exception occurred:

Traceback (most recent call last):
  File "/home/king/bootcamp_task/wsomething7/portfolio/poncho/myvenv/lib/python3.10/site-packages/django/core/handlers/exception.py", line 47, in inner
    response = get_response(request)
  File "/home/king/bootcamp_task/wsomething7/portfolio/poncho/myvenv/lib/python3.10/site-packages/django/core/handlers/base.py", line 204, in _get_response
    response = response.render()
  File "/home/king/bootcamp_task/wsomething7/portfolio/poncho/myvenv/lib/python3.10/site-packages/django/template/response.py", line 105, in render
    self.content = self.rendered_content
  File "/home/king/bootcamp_task/wsomething7/portfolio/poncho/myvenv/lib/python3.10/site-packages/rest_framework/response.py", line 70, in rendered_content
    ret = renderer.render(self.data, accepted_media_type, context)
  File "/home/king/bootcamp_task/wsomething7/portfolio/poncho/myvenv/lib/python3.10/site-packages/rest_framework/renderers.py", line 724, in render
    ret = template.render(context, request=renderer_context['request'])
  File "/home/king/bootcamp_task/wsomething7/portfolio/poncho/myvenv/lib/python3.10/site-packages/django/template/backends/django.py", line 61, in render
    return self.template.render(context)
  File "/home/king/bootcamp_task/wsomething7/portfolio/poncho/myvenv/lib/python3.10/site-packages/django/template/base.py", line 176, in render
    return self._render(context)
  File "/home/king/bootcamp_task/wsomething7/portfolio/poncho/myvenv/lib/python3.10/site-packages/django/template/base.py", line 168, in _render
    return self.nodelist.render(context)
  File "/home/king/bootcamp_task/wsomething7/portfolio/poncho/myvenv/lib/python3.10/site-packages/django/template/base.py", line 977, in render
    return SafeString(''.join([
  File "/home/king/bootcamp_task/wsomething7/portfolio/poncho/myvenv/lib/python3.10/site-packages/django/template/base.py", line 978, in <listcomp>
    node.render_annotated(context) for node in self
  File "/home/king/bootcamp_task/wsomething7/portfolio/poncho/myvenv/lib/python3.10/site-packages/django/template/base.py", line 938, in render_annotated
    return self.render(context)
  File "/home/king/bootcamp_task/wsomething7/portfolio/poncho/myvenv/lib/python3.10/site-packages/django/template/loader_tags.py", line 153, in render
    return compiled_parent._render(context)
  File "/home/king/bootcamp_task/wsomething7/portfolio/poncho/myvenv/lib/python3.10/site-packages/django/template/base.py", line 168, in _render
    return self.nodelist.render(context)
  File "/home/king/bootcamp_task/wsomething7/portfolio/poncho/myvenv/lib/python3.10/site-packages/django/template/base.py", line 977, in render
    return SafeString(''.join([
  File "/home/king/bootcamp_task/wsomething7/portfolio/poncho/myvenv/lib/python3.10/site-packages/django/template/base.py", line 978, in <listcomp>
    node.render_annotated(context) for node in self
  File "/home/king/bootcamp_task/wsomething7/portfolio/poncho/myvenv/lib/python3.10/site-packages/django/template/base.py", line 938, in render_annotated
    return self.render(context)
  File "/home/king/bootcamp_task/wsomething7/portfolio/poncho/myvenv/lib/python3.10/site-packages/django/template/loader_tags.py", line 153, in render
    return compiled_parent._render(context)
  File "/home/king/bootcamp_task/wsomething7/portfolio/poncho/myvenv/lib/python3.10/site-packages/django/template/base.py", line 168, in _render
    return self.nodelist.render(context)
  File "/home/king/bootcamp_task/wsomething7/portfolio/poncho/myvenv/lib/python3.10/site-packages/django/template/base.py", line 977, in render
    return SafeString(''.join([
  File "/home/king/bootcamp_task/wsomething7/portfolio/poncho/myvenv/lib/python3.10/site-packages/django/template/base.py", line 978, in <listcomp>
    node.render_annotated(context) for node in self
  File "/home/king/bootcamp_task/wsomething7/portfolio/poncho/myvenv/lib/python3.10/site-packages/django/template/base.py", line 938, in render_annotated
    return self.render(context)
  File "/home/king/bootcamp_task/wsomething7/portfolio/poncho/myvenv/lib/python3.10/site-packages/django/template/loader_tags.py", line 65, in render
    result = block.nodelist.render(context)
  File "/home/king/bootcamp_task/wsomething7/portfolio/poncho/myvenv/lib/python3.10/site-packages/django/template/base.py", line 977, in render
    return SafeString(''.join([
  File "/home/king/bootcamp_task/wsomething7/portfolio/poncho/myvenv/lib/python3.10/site-packages/django/template/base.py", line 978, in <listcomp>
    node.render_annotated(context) for node in self
  File "/home/king/bootcamp_task/wsomething7/portfolio/poncho/myvenv/lib/python3.10/site-packages/django/template/base.py", line 938, in render_annotated
    return self.render(context)
  File "/home/king/bootcamp_task/wsomething7/portfolio/poncho/myvenv/lib/python3.10/site-packages/django/template/defaulttags.py", line 445, in render
    url = reverse(view_name, args=args, kwargs=kwargs, current_app=current_app)
  File "/home/king/bootcamp_task/wsomething7/portfolio/poncho/myvenv/lib/python3.10/site-packages/django/urls/base.py", line 82, in reverse
    raise NoReverseMatch("%s is not a registered namespace" % key)
django.urls.exceptions.NoReverseMatch: 'rest_framework' is not a registered namespace
ERROR 2024-02-13 12:33:18,389 django.server Thread-16 (process_request_thread) 140704806336064 basehttp basehttp.py 179 django.server log_message 87174 "GET /api/workout/ HTTP/1.1" 500 329960
INFO 2024-02-13 12:33:50,528 django.server Thread-16 (process_request_thread) 140704806336064 basehttp basehttp.py 179 django.server log_message 87174 "GET / HTTP/1.1" 302 0
INFO 2024-02-13 12:33:52,454 django.server Thread-16 (process_request_thread) 140704806336064 basehttp basehttp.py 179 django.server log_message 87174 "GET /api/home/ HTTP/1.1" 200 2377
INFO 2024-02-13 12:33:57,416 django.server Thread-16 (process_request_thread) 140704806336064 basehttp basehttp.py 179 django.server log_message 87174 "POST /logout/ HTTP/1.1" 302 0
INFO 2024-02-13 12:33:57,716 django.server Thread-16 (process_request_thread) 140704806336064 basehttp basehttp.py 179 django.server log_message 87174 "GET /api/home/ HTTP/1.1" 302 0
INFO 2024-02-13 12:33:57,780 django.server Thread-16 (process_request_thread) 140704806336064 basehttp basehttp.py 179 django.server log_message 87174 "GET /must-authenticate/?next=/api/home/ HTTP/1.1" 200 1507
INFO 2024-02-13 12:33:59,380 django.server Thread-16 (process_request_thread) 140704806336064 basehttp basehttp.py 179 django.server log_message 87174 "GET /accounts/login/ HTTP/1.1" 200 1568
INFO 2024-02-13 12:34:05,089 django.server Thread-16 (process_request_thread) 140704806336064 basehttp basehttp.py 179 django.server log_message 87174 "POST /accounts/login/ HTTP/1.1" 302 0
INFO 2024-02-13 12:34:06,870 django.server Thread-16 (process_request_thread) 140704806336064 basehttp basehttp.py 179 django.server log_message 87174 "GET /api/home/ HTTP/1.1" 200 2377
ERROR 2024-02-13 12:34:12,366 django.request Thread-16 (process_request_thread) 140704806336064 log log.py 225 django.request log_response 87174 Internal Server Error: /api/workout/
Traceback (most recent call last):
  File "/home/king/bootcamp_task/wsomething7/portfolio/poncho/myvenv/lib/python3.10/site-packages/django/urls/base.py", line 71, in reverse
    extra, resolver = resolver.namespace_dict[ns]
KeyError: 'rest_framework'

During handling of the above exception, another exception occurred:

Traceback (most recent call last):
  File "/home/king/bootcamp_task/wsomething7/portfolio/poncho/myvenv/lib/python3.10/site-packages/django/core/handlers/exception.py", line 47, in inner
    response = get_response(request)
  File "/home/king/bootcamp_task/wsomething7/portfolio/poncho/myvenv/lib/python3.10/site-packages/django/core/handlers/base.py", line 204, in _get_response
    response = response.render()
  File "/home/king/bootcamp_task/wsomething7/portfolio/poncho/myvenv/lib/python3.10/site-packages/django/template/response.py", line 105, in render
    self.content = self.rendered_content
  File "/home/king/bootcamp_task/wsomething7/portfolio/poncho/myvenv/lib/python3.10/site-packages/rest_framework/response.py", line 70, in rendered_content
    ret = renderer.render(self.data, accepted_media_type, context)
  File "/home/king/bootcamp_task/wsomething7/portfolio/poncho/myvenv/lib/python3.10/site-packages/rest_framework/renderers.py", line 724, in render
    ret = template.render(context, request=renderer_context['request'])
  File "/home/king/bootcamp_task/wsomething7/portfolio/poncho/myvenv/lib/python3.10/site-packages/django/template/backends/django.py", line 61, in render
    return self.template.render(context)
  File "/home/king/bootcamp_task/wsomething7/portfolio/poncho/myvenv/lib/python3.10/site-packages/django/template/base.py", line 176, in render
    return self._render(context)
  File "/home/king/bootcamp_task/wsomething7/portfolio/poncho/myvenv/lib/python3.10/site-packages/django/template/base.py", line 168, in _render
    return self.nodelist.render(context)
  File "/home/king/bootcamp_task/wsomething7/portfolio/poncho/myvenv/lib/python3.10/site-packages/django/template/base.py", line 977, in render
    return SafeString(''.join([
  File "/home/king/bootcamp_task/wsomething7/portfolio/poncho/myvenv/lib/python3.10/site-packages/django/template/base.py", line 978, in <listcomp>
    node.render_annotated(context) for node in self
  File "/home/king/bootcamp_task/wsomething7/portfolio/poncho/myvenv/lib/python3.10/site-packages/django/template/base.py", line 938, in render_annotated
    return self.render(context)
  File "/home/king/bootcamp_task/wsomething7/portfolio/poncho/myvenv/lib/python3.10/site-packages/django/template/loader_tags.py", line 153, in render
    return compiled_parent._render(context)
  File "/home/king/bootcamp_task/wsomething7/portfolio/poncho/myvenv/lib/python3.10/site-packages/django/template/base.py", line 168, in _render
    return self.nodelist.render(context)
  File "/home/king/bootcamp_task/wsomething7/portfolio/poncho/myvenv/lib/python3.10/site-packages/django/template/base.py", line 977, in render
    return SafeString(''.join([
  File "/home/king/bootcamp_task/wsomething7/portfolio/poncho/myvenv/lib/python3.10/site-packages/django/template/base.py", line 978, in <listcomp>
    node.render_annotated(context) for node in self
  File "/home/king/bootcamp_task/wsomething7/portfolio/poncho/myvenv/lib/python3.10/site-packages/django/template/base.py", line 938, in render_annotated
    return self.render(context)
  File "/home/king/bootcamp_task/wsomething7/portfolio/poncho/myvenv/lib/python3.10/site-packages/django/template/loader_tags.py", line 153, in render
    return compiled_parent._render(context)
  File "/home/king/bootcamp_task/wsomething7/portfolio/poncho/myvenv/lib/python3.10/site-packages/django/template/base.py", line 168, in _render
    return self.nodelist.render(context)
  File "/home/king/bootcamp_task/wsomething7/portfolio/poncho/myvenv/lib/python3.10/site-packages/django/template/base.py", line 977, in render
    return SafeString(''.join([
  File "/home/king/bootcamp_task/wsomething7/portfolio/poncho/myvenv/lib/python3.10/site-packages/django/template/base.py", line 978, in <listcomp>
    node.render_annotated(context) for node in self
  File "/home/king/bootcamp_task/wsomething7/portfolio/poncho/myvenv/lib/python3.10/site-packages/django/template/base.py", line 938, in render_annotated
    return self.render(context)
  File "/home/king/bootcamp_task/wsomething7/portfolio/poncho/myvenv/lib/python3.10/site-packages/django/template/loader_tags.py", line 65, in render
    result = block.nodelist.render(context)
  File "/home/king/bootcamp_task/wsomething7/portfolio/poncho/myvenv/lib/python3.10/site-packages/django/template/base.py", line 977, in render
    return SafeString(''.join([
  File "/home/king/bootcamp_task/wsomething7/portfolio/poncho/myvenv/lib/python3.10/site-packages/django/template/base.py", line 978, in <listcomp>
    node.render_annotated(context) for node in self
  File "/home/king/bootcamp_task/wsomething7/portfolio/poncho/myvenv/lib/python3.10/site-packages/django/template/base.py", line 938, in render_annotated
    return self.render(context)
  File "/home/king/bootcamp_task/wsomething7/portfolio/poncho/myvenv/lib/python3.10/site-packages/django/template/defaulttags.py", line 445, in render
    url = reverse(view_name, args=args, kwargs=kwargs, current_app=current_app)
  File "/home/king/bootcamp_task/wsomething7/portfolio/poncho/myvenv/lib/python3.10/site-packages/django/urls/base.py", line 82, in reverse
    raise NoReverseMatch("%s is not a registered namespace" % key)
django.urls.exceptions.NoReverseMatch: 'rest_framework' is not a registered namespace
ERROR 2024-02-13 12:34:12,367 django.server Thread-16 (process_request_thread) 140704806336064 basehttp basehttp.py 179 django.server log_message 87174 "GET /api/workout/ HTTP/1.1" 500 329974
ERROR 2024-02-13 12:37:14,968 django.request Thread-16 (process_request_thread) 140704806336064 log log.py 225 django.request log_response 87174 Internal Server Error: /api/workout/
Traceback (most recent call last):
  File "/home/king/bootcamp_task/wsomething7/portfolio/poncho/myvenv/lib/python3.10/site-packages/django/template/backends/django.py", line 61, in render
    return self.template.render(context)
  File "/home/king/bootcamp_task/wsomething7/portfolio/poncho/myvenv/lib/python3.10/site-packages/django/template/base.py", line 176, in render
    return self._render(context)
  File "/home/king/bootcamp_task/wsomething7/portfolio/poncho/myvenv/lib/python3.10/site-packages/django/template/base.py", line 168, in _render
    return self.nodelist.render(context)
  File "/home/king/bootcamp_task/wsomething7/portfolio/poncho/myvenv/lib/python3.10/site-packages/django/template/base.py", line 977, in render
    return SafeString(''.join([
  File "/home/king/bootcamp_task/wsomething7/portfolio/poncho/myvenv/lib/python3.10/site-packages/django/template/base.py", line 978, in <listcomp>
    node.render_annotated(context) for node in self
  File "/home/king/bootcamp_task/wsomething7/portfolio/poncho/myvenv/lib/python3.10/site-packages/django/template/base.py", line 938, in render_annotated
    return self.render(context)
  File "/home/king/bootcamp_task/wsomething7/portfolio/poncho/myvenv/lib/python3.10/site-packages/django/template/loader_tags.py", line 130, in render
    compiled_parent = self.get_parent(context)
  File "/home/king/bootcamp_task/wsomething7/portfolio/poncho/myvenv/lib/python3.10/site-packages/django/template/loader_tags.py", line 127, in get_parent
    return self.find_template(parent, context)
  File "/home/king/bootcamp_task/wsomething7/portfolio/poncho/myvenv/lib/python3.10/site-packages/django/template/loader_tags.py", line 106, in find_template
    template, origin = context.template.engine.find_template(
  File "/home/king/bootcamp_task/wsomething7/portfolio/poncho/myvenv/lib/python3.10/site-packages/django/template/engine.py", line 149, in find_template
    raise TemplateDoesNotExist(name, tried=tried)
django.template.exceptions.TemplateDoesNotExist: accounts/base.html

The above exception was the direct cause of the following exception:

Traceback (most recent call last):
  File "/home/king/bootcamp_task/wsomething7/portfolio/poncho/myvenv/lib/python3.10/site-packages/django/core/handlers/exception.py", line 47, in inner
    response = get_response(request)
  File "/home/king/bootcamp_task/wsomething7/portfolio/poncho/myvenv/lib/python3.10/site-packages/django/core/handlers/base.py", line 204, in _get_response
    response = response.render()
  File "/home/king/bootcamp_task/wsomething7/portfolio/poncho/myvenv/lib/python3.10/site-packages/django/template/response.py", line 105, in render
    self.content = self.rendered_content
  File "/home/king/bootcamp_task/wsomething7/portfolio/poncho/myvenv/lib/python3.10/site-packages/rest_framework/response.py", line 70, in rendered_content
    ret = renderer.render(self.data, accepted_media_type, context)
  File "/home/king/bootcamp_task/wsomething7/portfolio/poncho/myvenv/lib/python3.10/site-packages/rest_framework/renderers.py", line 724, in render
    ret = template.render(context, request=renderer_context['request'])
  File "/home/king/bootcamp_task/wsomething7/portfolio/poncho/myvenv/lib/python3.10/site-packages/django/template/backends/django.py", line 63, in render
    reraise(exc, self.backend)
  File "/home/king/bootcamp_task/wsomething7/portfolio/poncho/myvenv/lib/python3.10/site-packages/django/template/backends/django.py", line 84, in reraise
    raise new from exc
django.template.exceptions.TemplateDoesNotExist: accounts/base.html
ERROR 2024-02-13 12:37:14,970 django.server Thread-16 (process_request_thread) 140704806336064 basehttp basehttp.py 179 django.server log_message 87174 "GET /api/workout/ HTTP/1.1" 500 190641
INFO 2024-02-13 12:37:47,141 django.server Thread-16 (process_request_thread) 140704806336064 basehttp basehttp.py 179 django.server log_message 87174 "GET /api/workout/ HTTP/1.1" 200 9705
INFO 2024-02-13 12:37:47,160 django.server Thread-19 (process_request_thread) 140704781157952 basehttp basehttp.py 179 django.server log_message 87174 "GET /static/rest_framework/css/prettify.css HTTP/1.1" 304 0
INFO 2024-02-13 12:37:47,160 django.server Thread-22 (process_request_thread) 140704755979840 basehttp basehttp.py 179 django.server log_message 87174 "GET /static/rest_framework/js/ajax-form.js HTTP/1.1" 304 0
INFO 2024-02-13 12:37:47,160 django.server Thread-20 (process_request_thread) 140704772765248 basehttp basehttp.py 179 django.server log_message 87174 "GET /static/rest_framework/css/default.css HTTP/1.1" 304 0
INFO 2024-02-13 12:37:47,161 django.server Thread-21 (process_request_thread) 140704764372544 basehttp basehttp.py 179 django.server log_message 87174 "GET /static/rest_framework/js/jquery-3.5.1.min.js HTTP/1.1" 304 0
INFO 2024-02-13 12:37:47,161 django.server Thread-18 (process_request_thread) 140705342158400 basehttp basehttp.py 179 django.server log_message 87174 "GET /static/rest_framework/css/bootstrap-tweaks.css HTTP/1.1" 304 0
INFO 2024-02-13 12:37:47,163 django.server Thread-19 (process_request_thread) 140704781157952 basehttp basehttp.py 179 django.server log_message 87174 "GET /static/rest_framework/js/csrf.js HTTP/1.1" 304 0
INFO 2024-02-13 12:37:47,169 django.server Thread-18 (process_request_thread) 140705342158400 basehttp basehttp.py 179 django.server log_message 87174 "GET /static/rest_framework/js/default.js HTTP/1.1" 304 0
INFO 2024-02-13 12:37:47,170 django.server Thread-22 (process_request_thread) 140704755979840 basehttp basehttp.py 179 django.server log_message 87174 "GET /static/rest_framework/js/bootstrap.min.js HTTP/1.1" 304 0
INFO 2024-02-13 12:37:47,170 django.server Thread-21 (process_request_thread) 140704764372544 basehttp basehttp.py 179 django.server log_message 87174 "GET /static/rest_framework/js/prettify-min.js HTTP/1.1" 304 0
INFO 2024-02-13 12:37:47,399 django.server Thread-16 (process_request_thread) 140704806336064 basehttp basehttp.py 179 django.server log_message 87174 "GET /static/rest_framework/css/bootstrap.min.css HTTP/1.1" 304 0
INFO 2024-02-13 12:37:47,457 django.server Thread-16 (process_request_thread) 140704806336064 basehttp basehttp.py 179 django.server log_message 87174 "GET /static/rest_framework/img/grid.png HTTP/1.1" 304 0
INFO 2024-02-13 12:41:46,724 django.server Thread-16 (process_request_thread) 140704806336064 basehttp basehttp.py 179 django.server log_message 87174 "GET /api/workout/ HTTP/1.1" 200 9802
INFO 2024-02-13 12:41:52,244 django.server Thread-16 (process_request_thread) 140704806336064 basehttp basehttp.py 179 django.server log_message 87174 "GET /api/workout/ HTTP/1.1" 200 9802
INFO 2024-02-13 12:42:14,400 django.server Thread-16 (process_request_thread) 140704806336064 basehttp basehttp.py 179 django.server log_message 87174 "GET /api/workout/ HTTP/1.1" 200 9807
INFO 2024-02-13 12:42:31,057 django.server Thread-16 (process_request_thread) 140704806336064 basehttp basehttp.py 179 django.server log_message 87174 "GET /api/workout/ HTTP/1.1" 200 9802
INFO 2024-02-13 14:52:01,450 django.utils.autoreload MainThread 140617531322368 autoreload autoreload.py 643 django.utils.autoreload run_with_reloader 154324 Watching for file changes with StatReloader
INFO 2024-02-13 14:52:21,922 django.server Thread-1 (process_request_thread) 140616952440384 basehttp basehttp.py 179 django.server log_message 154324 "GET / HTTP/1.1" 302 0
INFO 2024-02-13 14:52:29,151 django.server Thread-1 (process_request_thread) 140616952440384 basehttp basehttp.py 179 django.server log_message 154324 "GET /api/home/ HTTP/1.1" 200 2377
INFO 2024-02-13 14:52:29,309 django.server Thread-1 (process_request_thread) 140616952440384 basehttp basehttp.py 179 django.server log_message 154324 "GET /static/homePageBg.jpeg HTTP/1.1" 304 0
WARNING 2024-02-13 14:52:29,354 django.request Thread-1 (process_request_thread) 140616952440384 log log.py 225 django.request log_response 154324 Not Found: /favicon.ico
WARNING 2024-02-13 14:52:29,359 django.server Thread-1 (process_request_thread) 140616952440384 basehttp basehttp.py 179 django.server log_message 154324 "GET /favicon.ico HTTP/1.1" 404 3716
INFO 2024-02-13 14:52:33,762 django.server Thread-1 (process_request_thread) 140616952440384 basehttp basehttp.py 179 django.server log_message 154324 "GET /api/workout/ HTTP/1.1" 200 9802
INFO 2024-02-13 14:52:33,801 django.server Thread-3 (process_request_thread) 140616934606400 basehttp basehttp.py 179 django.server log_message 154324 "GET /static/rest_framework/css/prettify.css HTTP/1.1" 304 0
INFO 2024-02-13 14:52:33,803 django.server Thread-2 (process_request_thread) 140616944047680 basehttp basehttp.py 179 django.server log_message 154324 "GET /static/rest_framework/css/bootstrap-tweaks.css HTTP/1.1" 304 0
INFO 2024-02-13 14:52:33,810 django.server Thread-3 (process_request_thread) 140616934606400 basehttp basehttp.py 179 django.server log_message 154324 "GET /static/rest_framework/js/csrf.js HTTP/1.1" 304 0
INFO 2024-02-13 14:52:33,812 django.server Thread-2 (process_request_thread) 140616944047680 basehttp basehttp.py 179 django.server log_message 154324 "GET /static/rest_framework/js/bootstrap.min.js HTTP/1.1" 304 0
INFO 2024-02-13 14:52:33,813 django.server Thread-4 (process_request_thread) 140616926213696 basehttp basehttp.py 179 django.server log_message 154324 "GET /static/rest_framework/css/default.css HTTP/1.1" 304 0
INFO 2024-02-13 14:52:33,813 django.server Thread-5 (process_request_thread) 140616917820992 basehttp basehttp.py 179 django.server log_message 154324 "GET /static/rest_framework/js/jquery-3.5.1.min.js HTTP/1.1" 304 0
INFO 2024-02-13 14:52:33,816 django.server Thread-4 (process_request_thread) 140616926213696 basehttp basehttp.py 179 django.server log_message 154324 "GET /static/rest_framework/js/prettify-min.js HTTP/1.1" 304 0
INFO 2024-02-13 14:52:33,817 django.server Thread-6 (process_request_thread) 140616909428288 basehttp basehttp.py 179 django.server log_message 154324 "GET /static/rest_framework/js/ajax-form.js HTTP/1.1" 304 0
INFO 2024-02-13 14:52:33,821 django.server Thread-5 (process_request_thread) 140616917820992 basehttp basehttp.py 179 django.server log_message 154324 "GET /static/rest_framework/js/default.js HTTP/1.1" 304 0
INFO 2024-02-13 14:52:33,921 django.server Thread-1 (process_request_thread) 140616952440384 basehttp basehttp.py 179 django.server log_message 154324 "GET /static/rest_framework/css/bootstrap.min.css HTTP/1.1" 304 0
INFO 2024-02-13 14:52:33,989 django.server Thread-1 (process_request_thread) 140616952440384 basehttp basehttp.py 179 django.server log_message 154324 "GET /static/rest_framework/img/grid.png HTTP/1.1" 304 0
INFO 2024-02-13 14:52:59,718 django.server Thread-1 (process_request_thread) 140616952440384 basehttp basehttp.py 179 django.server log_message 154324 "GET /metrics HTTP/1.1" 200 27173
INFO 2024-02-13 14:54:30,945 django.server Thread-1 (process_request_thread) 140616952440384 basehttp basehttp.py 179 django.server log_message 154324 "GET /api/workout/1/ HTTP/1.1" 200 11054
INFO 2024-02-13 14:57:20,738 django.server Thread-1 (process_request_thread) 140616952440384 basehttp basehttp.py 179 django.server log_message 154324 "GET /api/workout/ HTTP/1.1" 200 9802
INFO 2024-02-13 14:59:13,907 django.server Thread-1 (process_request_thread) 140616952440384 basehttp basehttp.py 179 django.server log_message 154324 "GET /api/workout/ HTTP/1.1" 200 9802
INFO 2024-02-13 14:59:20,215 django.server Thread-1 (process_request_thread) 140616952440384 basehttp basehttp.py 179 django.server log_message 154324 "GET /api/workout/ HTTP/1.1" 200 9802
INFO 2024-02-13 19:52:17,185 django.utils.autoreload MainThread 140430026883072 autoreload autoreload.py 643 django.utils.autoreload run_with_reloader 318324 Watching for file changes with StatReloader
INFO 2024-02-13 19:55:18,982 django.utils.autoreload MainThread 140003838865408 autoreload autoreload.py 643 django.utils.autoreload run_with_reloader 319645 Watching for file changes with StatReloader
INFO 2024-02-13 19:55:33,498 django.server Thread-1 (process_request_thread) 140003183162944 basehttp basehttp.py 179 django.server log_message 319645 "GET / HTTP/1.1" 302 0
INFO 2024-02-13 19:55:35,849 django.server Thread-1 (process_request_thread) 140003183162944 basehttp basehttp.py 179 django.server log_message 319645 "GET /api/home/ HTTP/1.1" 200 2377
INFO 2024-02-13 19:55:36,135 django.server Thread-1 (process_request_thread) 140003183162944 basehttp basehttp.py 179 django.server log_message 319645 "GET /static/homePageBg.jpeg HTTP/1.1" 304 0
WARNING 2024-02-13 19:55:36,189 django.request Thread-1 (process_request_thread) 140003183162944 log log.py 225 django.request log_response 319645 Not Found: /favicon.ico
WARNING 2024-02-13 19:55:36,190 django.server Thread-1 (process_request_thread) 140003183162944 basehttp basehttp.py 179 django.server log_message 319645 "GET /favicon.ico HTTP/1.1" 404 3716
INFO 2024-02-13 19:55:42,683 django.server Thread-2 (process_request_thread) 140003174770240 basehttp basehttp.py 179 django.server log_message 319645 "POST /logout/ HTTP/1.1" 302 0
INFO 2024-02-13 19:55:44,321 django.server Thread-2 (process_request_thread) 140003174770240 basehttp basehttp.py 179 django.server log_message 319645 "GET /api/home/ HTTP/1.1" 302 0
INFO 2024-02-13 19:55:44,381 django.server Thread-2 (process_request_thread) 140003174770240 basehttp basehttp.py 179 django.server log_message 319645 "GET /must-authenticate/?next=/api/home/ HTTP/1.1" 200 1507
INFO 2024-02-13 19:55:46,585 django.server Thread-2 (process_request_thread) 140003174770240 basehttp basehttp.py 179 django.server log_message 319645 "GET /accounts/login/ HTTP/1.1" 200 1568
WARNING 2024-02-13 19:56:21,736 django.security.csrf Thread-4 (process_request_thread) 140003686463040 log log.py 225 django.security.csrf log_response 319645 Forbidden (CSRF cookie not set.): /accounts/login/
WARNING 2024-02-13 19:56:21,739 django.server Thread-4 (process_request_thread) 140003686463040 basehttp basehttp.py 179 django.server log_message 319645 "POST /accounts/login/ HTTP/1.1" 403 2870
WARNING 2024-02-13 19:56:39,053 django.security.csrf Thread-5 (process_request_thread) 140003686463040 log log.py 225 django.security.csrf log_response 319645 Forbidden (CSRF cookie not set.): /accounts/login/
WARNING 2024-02-13 19:56:39,054 django.server Thread-5 (process_request_thread) 140003686463040 basehttp basehttp.py 179 django.server log_message 319645 "POST /accounts/login/ HTTP/1.1" 403 2870
INFO 2024-02-13 19:56:48,035 django.server Thread-2 (process_request_thread) 140003174770240 basehttp basehttp.py 179 django.server log_message 319645 "GET /accounts/login/ HTTP/1.1" 200 1568
INFO 2024-02-13 19:57:02,247 django.server Thread-2 (process_request_thread) 140003174770240 basehttp basehttp.py 179 django.server log_message 319645 "POST /accounts/login/ HTTP/1.1" 200 1666
INFO 2024-02-13 19:57:09,731 django.server Thread-2 (process_request_thread) 140003174770240 basehttp basehttp.py 179 django.server log_message 319645 "POST /accounts/login/ HTTP/1.1" 302 0
INFO 2024-02-13 19:57:12,186 django.server Thread-2 (process_request_thread) 140003174770240 basehttp basehttp.py 179 django.server log_message 319645 "GET /api/home/ HTTP/1.1" 200 2377
WARNING 2024-02-13 19:57:25,753 django.security.csrf Thread-7 (process_request_thread) 140003694855744 log log.py 225 django.security.csrf log_response 319645 Forbidden (CSRF cookie not set.): /accounts/login/
WARNING 2024-02-13 19:57:25,753 django.server Thread-7 (process_request_thread) 140003694855744 basehttp basehttp.py 179 django.server log_message 319645 "POST /accounts/login/ HTTP/1.1" 403 2870
INFO 2024-02-13 19:57:33,172 django.server Thread-2 (process_request_thread) 140003174770240 basehttp basehttp.py 179 django.server log_message 319645 "POST /logout/ HTTP/1.1" 302 0
INFO 2024-02-13 19:57:33,381 django.server Thread-2 (process_request_thread) 140003174770240 basehttp basehttp.py 179 django.server log_message 319645 "GET /api/home/ HTTP/1.1" 302 0
INFO 2024-02-13 19:57:33,436 django.server Thread-2 (process_request_thread) 140003174770240 basehttp basehttp.py 179 django.server log_message 319645 "GET /must-authenticate/?next=/api/home/ HTTP/1.1" 200 1507
WARNING 2024-02-13 19:57:35,563 django.security.csrf Thread-8 (process_request_thread) 140003711641152 log log.py 225 django.security.csrf log_response 319645 Forbidden (CSRF cookie not set.): /accounts/login/
WARNING 2024-02-13 19:57:35,563 django.server Thread-8 (process_request_thread) 140003711641152 basehttp basehttp.py 179 django.server log_message 319645 "POST /accounts/login/ HTTP/1.1" 403 2870
INFO 2024-02-13 19:57:40,142 django.server Thread-2 (process_request_thread) 140003174770240 basehttp basehttp.py 179 django.server log_message 319645 "GET /accounts/login/ HTTP/1.1" 200 1568
WARNING 2024-02-13 19:58:18,766 django.security.csrf Thread-9 (process_request_thread) 140003166377536 log log.py 225 django.security.csrf log_response 319645 Forbidden (CSRF cookie not set.): /accounts/login/
WARNING 2024-02-13 19:58:18,766 django.server Thread-9 (process_request_thread) 140003166377536 basehttp basehttp.py 179 django.server log_message 319645 "POST /accounts/login/ HTTP/1.1" 403 2870
WARNING 2024-02-13 19:59:43,128 django.security.csrf Thread-10 (process_request_thread) 140003166377536 log log.py 225 django.security.csrf log_response 319645 Forbidden (CSRF cookie not set.): /accounts/login/
WARNING 2024-02-13 19:59:43,128 django.server Thread-10 (process_request_thread) 140003166377536 basehttp basehttp.py 179 django.server log_message 319645 "POST /accounts/login/ HTTP/1.1" 403 2870
WARNING 2024-02-13 20:01:18,515 django.security.csrf Thread-11 (process_request_thread) 140003166377536 log log.py 225 django.security.csrf log_response 319645 Forbidden (CSRF cookie not set.): /accounts/login/
WARNING 2024-02-13 20:01:18,516 django.server Thread-11 (process_request_thread) 140003166377536 basehttp basehttp.py 179 django.server log_message 319645 "POST /accounts/login/ HTTP/1.1" 403 2870
WARNING 2024-02-13 20:02:12,358 django.security.csrf Thread-12 (process_request_thread) 140003166377536 log log.py 225 django.security.csrf log_response 319645 Forbidden (CSRF cookie not set.): /accounts/login/
WARNING 2024-02-13 20:02:12,358 django.server Thread-12 (process_request_thread) 140003166377536 basehttp basehttp.py 179 django.server log_message 319645 "POST /accounts/login/ HTTP/1.1" 403 2870
WARNING 2024-02-13 20:03:48,107 django.security.csrf Thread-13 (process_request_thread) 140003166377536 log log.py 225 django.security.csrf log_response 319645 Forbidden (CSRF cookie not set.): /accounts/login/
WARNING 2024-02-13 20:03:48,108 django.server Thread-13 (process_request_thread) 140003166377536 basehttp basehttp.py 179 django.server log_message 319645 "POST /accounts/login/ HTTP/1.1" 403 2870
ERROR 2024-02-13 20:03:54,463 django.request Thread-14 (process_request_thread) 140003166377536 log log.py 225 django.request log_response 319645 Internal Server Error: /accounts/login
Traceback (most recent call last):
  File "/home/king/bootcamp_task/wsomething7/portfolio/poncho/myvenv/lib/python3.10/site-packages/django/core/handlers/exception.py", line 47, in inner
    response = get_response(request)
  File "/home/king/bootcamp_task/wsomething7/portfolio/poncho/myvenv/lib/python3.10/site-packages/django/utils/deprecation.py", line 125, in __call__
    response = self.process_request(request)
  File "/home/king/bootcamp_task/wsomething7/portfolio/poncho/myvenv/lib/python3.10/site-packages/django/middleware/common.py", line 54, in process_request
    path = self.get_full_path_with_slash(request)
  File "/home/king/bootcamp_task/wsomething7/portfolio/poncho/myvenv/lib/python3.10/site-packages/django/middleware/common.py", line 88, in get_full_path_with_slash
    raise RuntimeError(
RuntimeError: You called this URL via POST, but the URL doesn't end in a slash and you have APPEND_SLASH set. Django can't redirect to the slash URL while maintaining POST data. Change your form to point to localhost:8000/accounts/login/ (note the trailing slash), or set APPEND_SLASH=False in your Django settings.
ERROR 2024-02-13 20:03:54,464 django.server Thread-14 (process_request_thread) 140003166377536 basehttp basehttp.py 179 django.server log_message 319645 "POST /accounts/login HTTP/1.1" 500 82234
WARNING 2024-02-13 20:04:32,398 django.security.csrf Thread-15 (process_request_thread) 140003166377536 log log.py 225 django.security.csrf log_response 319645 Forbidden (CSRF cookie not set.): /accounts/login/
WARNING 2024-02-13 20:04:32,399 django.server Thread-15 (process_request_thread) 140003166377536 basehttp basehttp.py 179 django.server log_message 319645 "POST /accounts/login/ HTTP/1.1" 403 2870
INFO 2024-02-13 20:05:12,744 django.server Thread-16 (process_request_thread) 140003174770240 basehttp basehttp.py 179 django.server log_message 319645 "POST /accounts/login/ HTTP/1.1" 302 0
INFO 2024-02-13 20:05:15,107 django.server Thread-16 (process_request_thread) 140003174770240 basehttp basehttp.py 179 django.server log_message 319645 "GET /api/home/ HTTP/1.1" 200 2377
INFO 2024-02-13 20:09:22,757 django.server Thread-16 (process_request_thread) 140003174770240 basehttp basehttp.py 179 django.server log_message 319645 "POST /logout/ HTTP/1.1" 302 0
INFO 2024-02-13 20:09:22,916 django.server Thread-16 (process_request_thread) 140003174770240 basehttp basehttp.py 179 django.server log_message 319645 "GET /api/home/ HTTP/1.1" 302 0
INFO 2024-02-13 20:09:22,971 django.server Thread-16 (process_request_thread) 140003174770240 basehttp basehttp.py 179 django.server log_message 319645 "GET /must-authenticate/?next=/api/home/ HTTP/1.1" 200 1507
INFO 2024-02-13 20:09:23,979 django.server Thread-16 (process_request_thread) 140003174770240 basehttp basehttp.py 179 django.server log_message 319645 "GET /accounts/login/ HTTP/1.1" 200 1568
WARNING 2024-02-13 20:09:36,597 django.security.csrf Thread-19 (process_request_thread) 140003183162944 log log.py 225 django.security.csrf log_response 319645 Forbidden (CSRF cookie not set.): /accounts/login/
WARNING 2024-02-13 20:09:36,598 django.server Thread-19 (process_request_thread) 140003183162944 basehttp basehttp.py 179 django.server log_message 319645 "POST /accounts/login/ HTTP/1.1" 403 2870
INFO 2024-02-13 20:32:22,139 django.utils.autoreload MainThread 140282854408192 autoreload autoreload.py 643 django.utils.autoreload run_with_reloader 343821 Watching for file changes with StatReloader
INFO 2024-02-13 20:32:44,845 django.server Thread-1 (process_request_thread) 140282406360640 basehttp basehttp.py 179 django.server log_message 343821 "POST /accounts/login/ HTTP/1.1" 200 1657
INFO 2024-02-13 20:32:55,991 django.server Thread-2 (process_request_thread) 140282788406848 basehttp basehttp.py 179 django.server log_message 343821 "GET /accounts/login/ HTTP/1.1" 200 1568
INFO 2024-02-13 20:32:58,872 django.server Thread-2 (process_request_thread) 140282788406848 basehttp basehttp.py 179 django.server log_message 343821 "GET /accounts/login/ HTTP/1.1" 200 1568
INFO 2024-02-13 20:32:59,659 django.server Thread-2 (process_request_thread) 140282788406848 basehttp basehttp.py 179 django.server log_message 343821 "GET /accounts/login/ HTTP/1.1" 200 1568
INFO 2024-02-13 20:32:59,822 django.server Thread-2 (process_request_thread) 140282788406848 basehttp basehttp.py 179 django.server log_message 343821 "GET /accounts/login/ HTTP/1.1" 200 1568
INFO 2024-02-13 20:33:03,986 django.server Thread-2 (process_request_thread) 140282788406848 basehttp basehttp.py 179 django.server log_message 343821 "GET /accounts/signup/ HTTP/1.1" 200 2604
INFO 2024-02-13 20:33:25,654 django.utils.autoreload MainThread 140282854408192 autoreload autoreload.py 257 django.utils.autoreload trigger_reload 343821 /home/king/bootcamp_task/wsomething7/portfolio/poncho/poncho/accounts/views.py changed, reloading.
INFO 2024-02-13 20:33:26,000 django.utils.autoreload MainThread 140647652638720 autoreload autoreload.py 643 django.utils.autoreload run_with_reloader 344385 Watching for file changes with StatReloader
INFO 2024-02-13 20:39:20,646 django.utils.autoreload MainThread 140647652638720 autoreload autoreload.py 257 django.utils.autoreload trigger_reload 344385 /home/king/bootcamp_task/wsomething7/portfolio/poncho/poncho/accounts/views.py changed, reloading.
INFO 2024-02-13 20:39:21,432 django.utils.autoreload MainThread 140441414692864 autoreload autoreload.py 643 django.utils.autoreload run_with_reloader 346155 Watching for file changes with StatReloader
WARNING 2024-02-13 20:39:25,803 django.security.csrf Thread-1 (process_request_thread) 140441102038592 log log.py 225 django.security.csrf log_response 346155 Forbidden (CSRF cookie not set.): /accounts/login/
WARNING 2024-02-13 20:39:25,804 django.server Thread-1 (process_request_thread) 140441102038592 basehttp basehttp.py 179 django.server log_message 346155 "POST /accounts/login/ HTTP/1.1" 403 2870
INFO 2024-02-13 20:39:35,240 django.utils.autoreload MainThread 140441414692864 autoreload autoreload.py 257 django.utils.autoreload trigger_reload 346155 /home/king/bootcamp_task/wsomething7/portfolio/poncho/poncho/accounts/views.py changed, reloading.
INFO 2024-02-13 20:39:36,046 django.utils.autoreload MainThread 140446063824896 autoreload autoreload.py 643 django.utils.autoreload run_with_reloader 346384 Watching for file changes with StatReloader
INFO 2024-02-13 20:40:50,637 django.utils.autoreload MainThread 140446063824896 autoreload autoreload.py 257 django.utils.autoreload trigger_reload 346384 /home/king/bootcamp_task/wsomething7/portfolio/poncho/poncho/accounts/urls.py changed, reloading.
INFO 2024-02-13 20:40:51,587 django.utils.autoreload MainThread 140150839881728 autoreload autoreload.py 643 django.utils.autoreload run_with_reloader 346790 Watching for file changes with StatReloader
WARNING 2024-02-13 20:41:23,314 django.request Thread-1 (process_request_thread) 140150394832448 log log.py 225 django.request log_response 346790 Forbidden: /accounts/terminal_login/
WARNING 2024-02-13 20:41:23,314 django.server Thread-1 (process_request_thread) 140150394832448 basehttp basehttp.py 179 django.server log_message 346790 "POST /accounts/terminal_login/ HTTP/1.1" 403 22
INFO 2024-02-13 20:41:30,093 django.utils.autoreload MainThread 140150839881728 autoreload autoreload.py 257 django.utils.autoreload trigger_reload 346790 /home/king/bootcamp_task/wsomething7/portfolio/poncho/poncho/accounts/urls.py changed, reloading.
INFO 2024-02-13 20:41:30,424 django.utils.autoreload MainThread 140250458415104 autoreload autoreload.py 643 django.utils.autoreload run_with_reloader 347243 Watching for file changes with StatReloader
INFO 2024-02-13 20:42:48,755 django.server Thread-1 (process_request_thread) 140249808238144 basehttp basehttp.py 179 django.server log_message 347243 "GET /? HTTP/1.1" 200 2604
WARNING 2024-02-13 20:42:49,193 django.request Thread-1 (process_request_thread) 140249808238144 log log.py 225 django.request log_response 347243 Not Found: /favicon.ico
WARNING 2024-02-13 20:42:49,193 django.server Thread-1 (process_request_thread) 140249808238144 basehttp basehttp.py 179 django.server log_message 347243 "GET /favicon.ico HTTP/1.1" 404 3910
INFO 2024-02-13 20:45:03,934 django.utils.autoreload MainThread 140098947960832 autoreload autoreload.py 643 django.utils.autoreload run_with_reloader 348411 Watching for file changes with StatReloader
INFO 2024-02-13 20:45:14,650 django.server Thread-1 (process_request_thread) 140098637112896 basehttp basehttp.py 179 django.server log_message 348411 "GET / HTTP/1.1" 200 2604
WARNING 2024-02-13 20:45:31,476 django.request Thread-1 (process_request_thread) 140098637112896 log log.py 225 django.request log_response 348411 Not Found: /accounts/ternimal_login
WARNING 2024-02-13 20:45:31,477 django.server Thread-1 (process_request_thread) 140098637112896 basehttp basehttp.py 179 django.server log_message 348411 "GET /accounts/ternimal_login HTTP/1.1" 404 3946
INFO 2024-02-13 20:46:05,981 django.utils.autoreload MainThread 140098947960832 autoreload autoreload.py 257 django.utils.autoreload trigger_reload 348411 /home/king/bootcamp_task/wsomething7/portfolio/poncho/poncho/accounts/urls.py changed, reloading.
INFO 2024-02-13 20:46:06,681 django.utils.autoreload MainThread 139742351331328 autoreload autoreload.py 643 django.utils.autoreload run_with_reloader 348870 Watching for file changes with StatReloader
WARNING 2024-02-13 20:46:14,831 django.request Thread-1 (process_request_thread) 139741903177280 log log.py 225 django.request log_response 348870 Not Found: /accounts/ternimal_login
WARNING 2024-02-13 20:46:14,831 django.server Thread-1 (process_request_thread) 139741903177280 basehttp basehttp.py 179 django.server log_message 348870 "GET /accounts/ternimal_login HTTP/1.1" 404 3945
INFO 2024-02-13 20:46:39,366 django.server Thread-1 (process_request_thread) 139741903177280 basehttp basehttp.py 179 django.server log_message 348870 "GET /accounts/terminallogin HTTP/1.1" 301 0
WARNING 2024-02-13 20:46:39,376 django.request Thread-1 (process_request_thread) 139741903177280 log log.py 225 django.request log_response 348870 Method Not Allowed: /accounts/terminallogin/
WARNING 2024-02-13 20:46:39,377 django.server Thread-1 (process_request_thread) 139741903177280 basehttp basehttp.py 179 django.server log_message 348870 "GET /accounts/terminallogin/ HTTP/1.1" 405 19
WARNING 2024-02-13 20:47:04,508 django.request Thread-3 (process_request_thread) 139741886391872 log log.py 225 django.request log_response 348870 Forbidden: /accounts/terminallogin/
WARNING 2024-02-13 20:47:04,508 django.server Thread-3 (process_request_thread) 139741886391872 basehttp basehttp.py 179 django.server log_message 348870 "POST /accounts/terminallogin/ HTTP/1.1" 403 22
WARNING 2024-02-13 20:50:46,447 django.security.csrf Thread-4 (process_request_thread) 139741894784576 log log.py 225 django.security.csrf log_response 348870 Forbidden (CSRF cookie not set.): /accounts/login/
WARNING 2024-02-13 20:50:46,448 django.server Thread-4 (process_request_thread) 139741894784576 basehttp basehttp.py 179 django.server log_message 348870 "POST /accounts/login/ HTTP/1.1" 403 2870
INFO 2024-02-13 20:51:07,036 django.utils.autoreload MainThread 139742351331328 autoreload autoreload.py 257 django.utils.autoreload trigger_reload 348870 /home/king/bootcamp_task/wsomething7/portfolio/poncho/poncho/accounts/views.py changed, reloading.
INFO 2024-02-13 20:51:07,412 django.utils.autoreload MainThread 139973872361472 autoreload autoreload.py 643 django.utils.autoreload run_with_reloader 350598 Watching for file changes with StatReloader
INFO 2024-02-13 20:51:26,500 django.utils.autoreload MainThread 140647660675072 autoreload autoreload.py 643 django.utils.autoreload run_with_reloader 350891 Watching for file changes with StatReloader
INFO 2024-02-13 20:51:33,227 django.server Thread-1 (process_request_thread) 140647210145344 basehttp basehttp.py 179 django.server log_message 350891 "POST /accounts/login/ HTTP/1.1" 200 1657
WARNING 2024-02-13 20:51:46,792 django.request Thread-2 (process_request_thread) 140647226930752 log log.py 225 django.request log_response 350891 Forbidden: /accounts/terminallogin/
WARNING 2024-02-13 20:51:46,793 django.server Thread-2 (process_request_thread) 140647226930752 basehttp basehttp.py 179 django.server log_message 350891 "POST /accounts/terminallogin/ HTTP/1.1" 403 22
INFO 2024-02-13 20:52:09,457 django.utils.autoreload MainThread 140491267633152 autoreload autoreload.py 643 django.utils.autoreload run_with_reloader 351367 Watching for file changes with StatReloader
WARNING 2024-02-13 20:52:13,953 django.request Thread-1 (process_request_thread) 140490955531840 log log.py 225 django.request log_response 351367 Forbidden: /accounts/terminallogin/
WARNING 2024-02-13 20:52:13,954 django.server Thread-1 (process_request_thread) 140490955531840 basehttp basehttp.py 179 django.server log_message 351367 "POST /accounts/terminallogin/ HTTP/1.1" 403 22
ERROR 2024-02-13 20:52:39,426 django.request Thread-2 (process_request_thread) 140491209983552 log log.py 225 django.request log_response 351367 Internal Server Error: /accounts/terminallogin
Traceback (most recent call last):
  File "/home/king/bootcamp_task/wsomething7/portfolio/poncho/myvenv/lib/python3.10/site-packages/django/core/handlers/exception.py", line 47, in inner
    response = get_response(request)
  File "/home/king/bootcamp_task/wsomething7/portfolio/poncho/myvenv/lib/python3.10/site-packages/django/utils/deprecation.py", line 125, in __call__
    response = self.process_request(request)
  File "/home/king/bootcamp_task/wsomething7/portfolio/poncho/myvenv/lib/python3.10/site-packages/django/middleware/common.py", line 54, in process_request
    path = self.get_full_path_with_slash(request)
  File "/home/king/bootcamp_task/wsomething7/portfolio/poncho/myvenv/lib/python3.10/site-packages/django/middleware/common.py", line 88, in get_full_path_with_slash
    raise RuntimeError(
RuntimeError: You called this URL via POST, but the URL doesn't end in a slash and you have APPEND_SLASH set. Django can't redirect to the slash URL while maintaining POST data. Change your form to point to 127.0.0.1:8000/accounts/terminallogin/ (note the trailing slash), or set APPEND_SLASH=False in your Django settings.
ERROR 2024-02-13 20:52:39,427 django.server Thread-2 (process_request_thread) 140491209983552 basehttp basehttp.py 179 django.server log_message 351367 "POST /accounts/terminallogin HTTP/1.1" 500 82362
WARNING 2024-02-13 20:53:35,452 django.request Thread-3 (process_request_thread) 140491209983552 log log.py 225 django.request log_response 351367 Forbidden: /accounts/terminallogin/
WARNING 2024-02-13 20:53:35,453 django.server Thread-3 (process_request_thread) 140491209983552 basehttp basehttp.py 179 django.server log_message 351367 "POST /accounts/terminallogin/ HTTP/1.1" 403 22
INFO 2024-02-13 20:54:33,830 django.utils.autoreload MainThread 140491267633152 autoreload autoreload.py 257 django.utils.autoreload trigger_reload 351367 /home/king/bootcamp_task/wsomething7/portfolio/poncho/poncho/accounts/views.py changed, reloading.
INFO 2024-02-13 20:54:34,176 django.utils.autoreload MainThread 139824682536960 autoreload autoreload.py 643 django.utils.autoreload run_with_reloader 352337 Watching for file changes with StatReloader
INFO 2024-02-13 20:54:43,740 django.utils.autoreload MainThread 139824682536960 autoreload autoreload.py 257 django.utils.autoreload trigger_reload 352337 /home/king/bootcamp_task/wsomething7/portfolio/poncho/poncho/accounts/urls.py changed, reloading.
INFO 2024-02-13 20:54:44,123 django.utils.autoreload MainThread 140398742122496 autoreload autoreload.py 643 django.utils.autoreload run_with_reloader 352464 Watching for file changes with StatReloader
INFO 2024-02-13 20:55:00,871 django.server Thread-1 (process_request_thread) 140398294976064 basehttp basehttp.py 179 django.server log_message 352464 "POST /accounts/login/ HTTP/1.1" 200 1657
INFO 2024-02-13 21:03:05,519 django.utils.autoreload MainThread 139984642805760 autoreload autoreload.py 643 django.utils.autoreload run_with_reloader 357294 Watching for file changes with StatReloader
INFO 2024-02-13 21:03:15,386 django.server Thread-1 (process_request_thread) 139983990027840 basehttp basehttp.py 179 django.server log_message 357294 "POST /accounts/login/ HTTP/1.1" 200 1657
WARNING 2024-02-13 21:03:47,349 django.request Thread-2 (process_request_thread) 139984475493952 log log.py 225 django.request log_response 357294 Not Found: /accounts/api/workout/
WARNING 2024-02-13 21:03:47,350 django.server Thread-2 (process_request_thread) 139984475493952 basehttp basehttp.py 179 django.server log_message 357294 "GET /accounts/api/workout/ HTTP/1.1" 404 3746
WARNING 2024-02-13 21:04:21,446 django.request Thread-3 (process_request_thread) 139984475493952 log log.py 225 django.request log_response 357294 Not Found: /accounts/api/workout
WARNING 2024-02-13 21:04:21,446 django.server Thread-3 (process_request_thread) 139984475493952 basehttp basehttp.py 179 django.server log_message 357294 "GET /accounts/api/workout HTTP/1.1" 404 3743
WARNING 2024-02-13 21:06:43,805 django.request Thread-4 (process_request_thread) 139984475493952 log log.py 225 django.request log_response 357294 Not Found: /accounts/api/workout
WARNING 2024-02-13 21:06:43,805 django.server Thread-4 (process_request_thread) 139984475493952 basehttp basehttp.py 179 django.server log_message 357294 "POST /accounts/api/workout HTTP/1.1" 404 3744
INFO 2024-02-13 21:07:28,875 django.utils.autoreload MainThread 139880976941056 autoreload autoreload.py 643 django.utils.autoreload run_with_reloader 359158 Watching for file changes with StatReloader
INFO 2024-02-13 21:07:40,162 django.server Thread-1 (process_request_thread) 139880666474048 basehttp basehttp.py 179 django.server log_message 359158 "GET /accounts/login/ HTTP/1.1" 200 1568
WARNING 2024-02-13 21:07:40,252 django.request Thread-1 (process_request_thread) 139880666474048 log log.py 225 django.request log_response 359158 Not Found: /favicon.ico
WARNING 2024-02-13 21:07:40,252 django.server Thread-1 (process_request_thread) 139880666474048 basehttp basehttp.py 179 django.server log_message 359158 "GET /favicon.ico HTTP/1.1" 404 3716
INFO 2024-02-13 21:07:44,191 django.server Thread-1 (process_request_thread) 139880666474048 basehttp basehttp.py 179 django.server log_message 359158 "POST /accounts/login/ HTTP/1.1" 302 0
INFO 2024-02-13 21:07:46,644 django.server Thread-1 (process_request_thread) 139880666474048 basehttp basehttp.py 179 django.server log_message 359158 "GET /api/home/ HTTP/1.1" 200 2377
INFO 2024-02-13 21:07:46,849 django.server Thread-1 (process_request_thread) 139880666474048 basehttp basehttp.py 179 django.server log_message 359158 "GET /static/homePageBg.jpeg HTTP/1.1" 304 0
ERROR 2024-02-13 21:08:44,868 django.request Thread-3 (process_request_thread) 139880701093440 log log.py 225 django.request log_response 359158 Internal Server Error: /api/workout
Traceback (most recent call last):
  File "/home/king/bootcamp_task/wsomething7/portfolio/poncho/myvenv/lib/python3.10/site-packages/django/core/handlers/exception.py", line 47, in inner
    response = get_response(request)
  File "/home/king/bootcamp_task/wsomething7/portfolio/poncho/myvenv/lib/python3.10/site-packages/django/utils/deprecation.py", line 125, in __call__
    response = self.process_request(request)
  File "/home/king/bootcamp_task/wsomething7/portfolio/poncho/myvenv/lib/python3.10/site-packages/django/middleware/common.py", line 54, in process_request
    path = self.get_full_path_with_slash(request)
  File "/home/king/bootcamp_task/wsomething7/portfolio/poncho/myvenv/lib/python3.10/site-packages/django/middleware/common.py", line 88, in get_full_path_with_slash
    raise RuntimeError(
RuntimeError: You called this URL via POST, but the URL doesn't end in a slash and you have APPEND_SLASH set. Django can't redirect to the slash URL while maintaining POST data. Change your form to point to 127.0.0.1:8000/api/workout/ (note the trailing slash), or set APPEND_SLASH=False in your Django settings.
ERROR 2024-02-13 21:08:44,869 django.server Thread-3 (process_request_thread) 139880701093440 basehttp basehttp.py 179 django.server log_message 359158 "POST /api/workout HTTP/1.1" 500 82186
INFO 2024-02-13 21:08:58,916 django.server Thread-4 (process_request_thread) 139880658081344 basehttp basehttp.py 179 django.server log_message 359158 "GET /api/workout HTTP/1.1" 301 0
INFO 2024-02-13 21:09:03,197 django.server Thread-5 (process_request_thread) 139880658081344 basehttp basehttp.py 179 django.server log_message 359158 "GET /api/workout HTTP/1.1" 301 0
WARNING 2024-02-13 21:09:10,559 django.request Thread-6 (process_request_thread) 139880658081344 log log.py 225 django.request log_response 359158 Not Found: /api/workout,m
WARNING 2024-02-13 21:09:10,560 django.server Thread-6 (process_request_thread) 139880658081344 basehttp basehttp.py 179 django.server log_message 359158 "GET /api/workout,m HTTP/1.1" 404 4188
INFO 2024-02-13 21:09:16,838 django.server Thread-7 (process_request_thread) 139880658081344 basehttp basehttp.py 179 django.server log_message 359158 "GET /api/workout HTTP/1.1" 301 0
INFO 2024-02-13 21:09:31,462 django.server Thread-1 (process_request_thread) 139880666474048 basehttp basehttp.py 179 django.server log_message 359158 "GET /api/workout/ HTTP/1.1" 200 9793
INFO 2024-02-13 21:09:31,486 django.server Thread-9 (process_request_thread) 139880172615232 basehttp basehttp.py 179 django.server log_message 359158 "GET /static/rest_framework/css/prettify.css HTTP/1.1" 304 0
INFO 2024-02-13 21:09:31,486 django.server Thread-12 (process_request_thread) 139880147437120 basehttp basehttp.py 179 django.server log_message 359158 "GET /static/rest_framework/js/ajax-form.js HTTP/1.1" 304 0
INFO 2024-02-13 21:09:31,486 django.server Thread-10 (process_request_thread) 139880164222528 basehttp basehttp.py 179 django.server log_message 359158 "GET /static/rest_framework/css/default.css HTTP/1.1" 304 0
INFO 2024-02-13 21:09:31,486 django.server Thread-8 (process_request_thread) 139880658081344 basehttp basehttp.py 179 django.server log_message 359158 "GET /static/rest_framework/css/bootstrap-tweaks.css HTTP/1.1" 304 0
INFO 2024-02-13 21:09:31,488 django.server Thread-11 (process_request_thread) 139880155829824 basehttp basehttp.py 179 django.server log_message 359158 "GET /static/rest_framework/js/jquery-3.5.1.min.js HTTP/1.1" 304 0
INFO 2024-02-13 21:09:31,489 django.server Thread-12 (process_request_thread) 139880147437120 basehttp basehttp.py 179 django.server log_message 359158 "GET /static/rest_framework/js/csrf.js HTTP/1.1" 304 0
INFO 2024-02-13 21:09:31,494 django.server Thread-10 (process_request_thread) 139880164222528 basehttp basehttp.py 179 django.server log_message 359158 "GET /static/rest_framework/js/prettify-min.js HTTP/1.1" 304 0
INFO 2024-02-13 21:09:31,494 django.server Thread-8 (process_request_thread) 139880658081344 basehttp basehttp.py 179 django.server log_message 359158 "GET /static/rest_framework/js/default.js HTTP/1.1" 304 0
INFO 2024-02-13 21:09:31,495 django.server Thread-9 (process_request_thread) 139880172615232 basehttp basehttp.py 179 django.server log_message 359158 "GET /static/rest_framework/js/bootstrap.min.js HTTP/1.1" 304 0
INFO 2024-02-13 21:09:31,693 django.server Thread-1 (process_request_thread) 139880666474048 basehttp basehttp.py 179 django.server log_message 359158 "GET /static/rest_framework/css/bootstrap.min.css HTTP/1.1" 304 0
INFO 2024-02-13 21:09:31,788 django.server Thread-1 (process_request_thread) 139880666474048 basehttp basehttp.py 179 django.server log_message 359158 "GET /static/rest_framework/img/grid.png HTTP/1.1" 304 0
INFO 2024-02-13 21:09:39,599 django.server Thread-13 (process_request_thread) 139880675915328 basehttp basehttp.py 179 django.server log_message 359158 "GET /api/workout/1 HTTP/1.1" 301 0
INFO 2024-02-13 21:09:49,023 django.server Thread-14 (process_request_thread) 139880675915328 basehttp basehttp.py 179 django.server log_message 359158 "GET /api/workout/1 HTTP/1.1" 301 0
INFO 2024-02-13 21:09:59,803 django.server Thread-1 (process_request_thread) 139880666474048 basehttp basehttp.py 179 django.server log_message 359158 "GET /api/workout/1/ HTTP/1.1" 200 11045
INFO 2024-02-13 21:10:10,707 django.server Thread-15 (process_request_thread) 139880919324224 basehttp basehttp.py 179 django.server log_message 359158 "GET /api/workout/ HTTP/1.1" 200 174
INFO 2024-02-13 21:10:21,540 django.server Thread-16 (process_request_thread) 139880139044416 basehttp basehttp.py 179 django.server log_message 359158 "GET /api/workout/1 HTTP/1.1" 301 0
INFO 2024-02-13 21:10:26,455 django.server Thread-17 (process_request_thread) 139880139044416 basehttp basehttp.py 179 django.server log_message 359158 "GET /api/workout/1 HTTP/1.1" 301 0
INFO 2024-02-13 21:10:30,163 django.server Thread-18 (process_request_thread) 139880139044416 basehttp basehttp.py 179 django.server log_message 359158 "GET /api/workout/ HTTP/1.1" 200 174
INFO 2024-02-13 21:10:47,160 django.server Thread-1 (process_request_thread) 139880666474048 basehttp basehttp.py 179 django.server log_message 359158 "GET / HTTP/1.1" 302 0
INFO 2024-02-13 21:10:49,520 django.server Thread-1 (process_request_thread) 139880666474048 basehttp basehttp.py 179 django.server log_message 359158 "GET /api/home/ HTTP/1.1" 200 2377
INFO 2024-02-13 21:10:54,123 django.server Thread-1 (process_request_thread) 139880666474048 basehttp basehttp.py 179 django.server log_message 359158 "POST /logout/ HTTP/1.1" 302 0
INFO 2024-02-13 21:10:54,299 django.server Thread-1 (process_request_thread) 139880666474048 basehttp basehttp.py 179 django.server log_message 359158 "GET /api/home/ HTTP/1.1" 302 0
INFO 2024-02-13 21:10:54,344 django.server Thread-1 (process_request_thread) 139880666474048 basehttp basehttp.py 179 django.server log_message 359158 "GET /must-authenticate/?next=/api/home/ HTTP/1.1" 200 1507
INFO 2024-02-13 21:10:55,353 django.server Thread-19 (process_request_thread) 139880139044416 basehttp basehttp.py 179 django.server log_message 359158 "GET /api/workout/ HTTP/1.1" 200 174
INFO 2024-02-17 20:31:53,983 django.utils.autoreload MainThread 140359119818752 autoreload autoreload.py 643 django.utils.autoreload run_with_reloader 132899 Watching for file changes with StatReloader
INFO 2024-02-17 20:33:37,046 django.utils.autoreload MainThread 140359119818752 autoreload autoreload.py 257 django.utils.autoreload trigger_reload 132899 /home/king/bootcamp_task/wsomething7/application/poncho/poncho/poncho/settings.py changed, reloading.
INFO 2024-02-17 20:33:40,244 django.utils.autoreload MainThread 139750961553408 autoreload autoreload.py 643 django.utils.autoreload run_with_reloader 133606 Watching for file changes with StatReloader
INFO 2024-02-17 20:33:49,227 django.server Thread-1 (process_request_thread) 139750375679552 basehttp basehttp.py 179 django.server log_message 133606 "GET / HTTP/1.1" 200 3890
WARNING 2024-02-17 20:33:50,314 django.request Thread-1 (process_request_thread) 139750375679552 log log.py 225 django.request log_response 133606 Not Found: /favicon.ico
WARNING 2024-02-17 20:33:50,318 django.server Thread-1 (process_request_thread) 139750375679552 basehttp basehttp.py 179 django.server log_message 133606 "GET /favicon.ico HTTP/1.1" 404 3716
INFO 2024-02-17 20:33:57,954 django.server Thread-1 (process_request_thread) 139750375679552 basehttp basehttp.py 179 django.server log_message 133606 "POST /accounts/signup/ HTTP/1.1" 200 4362
INFO 2024-02-17 20:34:38,407 django.server Thread-1 (process_request_thread) 139750375679552 basehttp basehttp.py 179 django.server log_message 133606 "POST /accounts/signup/ HTTP/1.1" 200 4281
INFO 2024-02-17 20:35:11,948 django.server Thread-3 (process_request_thread) 139750367286848 basehttp basehttp.py 179 django.server log_message 133606 "POST /accounts/signup/ HTTP/1.1" 200 4272
INFO 2024-02-17 20:36:13,235 django.server Thread-3 (process_request_thread) 139750367286848 basehttp basehttp.py 179 django.server log_message 133606 "POST /accounts/signup/ HTTP/1.1" 302 0
INFO 2024-02-17 20:36:16,112 django.server Thread-3 (process_request_thread) 139750367286848 basehttp basehttp.py 179 django.server log_message 133606 "GET /api/home/ HTTP/1.1" 200 2369
INFO 2024-02-17 20:36:16,327 django.server Thread-3 (process_request_thread) 139750367286848 basehttp basehttp.py 179 django.server log_message 133606 "GET /static/homePageBg.jpeg HTTP/1.1" 200 76371
INFO 2024-02-17 20:36:41,285 django.server Thread-3 (process_request_thread) 139750367286848 basehttp basehttp.py 179 django.server log_message 133606 "GET /api/home/ HTTP/1.1" 200 2369
WARNING 2024-02-17 20:36:47,147 django.security.csrf Thread-3 (process_request_thread) 139750367286848 log log.py 225 django.security.csrf log_response 133606 Forbidden (CSRF token missing.): /logout/
WARNING 2024-02-17 20:36:47,152 django.server Thread-3 (process_request_thread) 139750367286848 basehttp basehttp.py 179 django.server log_message 133606 "POST /logout/ HTTP/1.1" 403 2506
INFO 2024-02-17 20:39:12,239 django.utils.autoreload MainThread 139940389437440 autoreload autoreload.py 643 django.utils.autoreload run_with_reloader 136133 Watching for file changes with StatReloader
WARNING 2024-02-17 20:39:17,567 django.security.csrf Thread-1 (process_request_thread) 139939941434944 log log.py 225 django.security.csrf log_response 136133 Forbidden (CSRF token missing.): /logout/
WARNING 2024-02-17 20:39:17,572 django.server Thread-1 (process_request_thread) 139939941434944 basehttp basehttp.py 179 django.server log_message 136133 "POST /logout/ HTTP/1.1" 403 2506
WARNING 2024-02-17 20:39:23,425 django.security.csrf Thread-1 (process_request_thread) 139939941434944 log log.py 225 django.security.csrf log_response 136133 Forbidden (CSRF token missing.): /logout/
WARNING 2024-02-17 20:39:23,430 django.server Thread-1 (process_request_thread) 139939941434944 basehttp basehttp.py 179 django.server log_message 136133 "POST /logout/ HTTP/1.1" 403 2506
INFO 2024-02-17 20:39:27,422 django.server Thread-1 (process_request_thread) 139939941434944 basehttp basehttp.py 179 django.server log_message 136133 "GET /api/home/ HTTP/1.1" 200 2369
WARNING 2024-02-17 20:39:29,029 django.security.csrf Thread-1 (process_request_thread) 139939941434944 log log.py 225 django.security.csrf log_response 136133 Forbidden (CSRF token missing.): /logout/
WARNING 2024-02-17 20:39:29,033 django.server Thread-1 (process_request_thread) 139939941434944 basehttp basehttp.py 179 django.server log_message 136133 "POST /logout/ HTTP/1.1" 403 2506
WARNING 2024-02-17 20:40:47,381 django.security.csrf Thread-1 (process_request_thread) 139939941434944 log log.py 225 django.security.csrf log_response 136133 Forbidden (CSRF token missing.): /logout/
WARNING 2024-02-17 20:40:47,388 django.server Thread-1 (process_request_thread) 139939941434944 basehttp basehttp.py 179 django.server log_message 136133 "POST /logout/ HTTP/1.1" 403 2506
INFO 2024-02-17 20:40:58,647 django.utils.autoreload MainThread 139726124212224 autoreload autoreload.py 643 django.utils.autoreload run_with_reloader 136974 Watching for file changes with StatReloader
INFO 2024-02-17 20:42:38,541 django.server Thread-1 (process_request_thread) 139725544351296 basehttp basehttp.py 179 django.server log_message 136974 "GET /must-authenticate/?next=/home/ HTTP/1.1" 200 1507
INFO 2024-02-17 20:42:43,704 django.server Thread-1 (process_request_thread) 139725544351296 basehttp basehttp.py 179 django.server log_message 136974 "GET /accounts/login/ HTTP/1.1" 200 1568
INFO 2024-02-17 20:43:10,393 django.server Thread-1 (process_request_thread) 139725544351296 basehttp basehttp.py 179 django.server log_message 136974 "POST /accounts/login/ HTTP/1.1" 302 0
INFO 2024-02-17 20:43:12,869 django.server Thread-1 (process_request_thread) 139725544351296 basehttp basehttp.py 179 django.server log_message 136974 "GET /api/home/ HTTP/1.1" 200 2377
INFO 2024-02-17 20:43:13,092 django.server Thread-1 (process_request_thread) 139725544351296 basehttp basehttp.py 179 django.server log_message 136974 "GET /static/homePageBg.jpeg HTTP/1.1" 200 76371
INFO 2024-02-17 20:43:17,358 django.server Thread-1 (process_request_thread) 139725544351296 basehttp basehttp.py 179 django.server log_message 136974 "POST /logout/ HTTP/1.1" 302 0
INFO 2024-02-17 20:43:17,577 django.server Thread-1 (process_request_thread) 139725544351296 basehttp basehttp.py 179 django.server log_message 136974 "GET /api/home/ HTTP/1.1" 302 0
INFO 2024-02-17 20:43:17,651 django.server Thread-1 (process_request_thread) 139725544351296 basehttp basehttp.py 179 django.server log_message 136974 "GET /must-authenticate/?next=/api/home/ HTTP/1.1" 200 1507
WARNING 2024-02-17 20:43:26,307 django.security.csrf Thread-2 (process_request_thread) 139725544351296 log log.py 225 django.security.csrf log_response 136974 Forbidden (CSRF token missing.): /logout/
WARNING 2024-02-17 20:43:26,313 django.server Thread-2 (process_request_thread) 139725544351296 basehttp basehttp.py 179 django.server log_message 136974 "POST /logout/ HTTP/1.1" 403 2506
INFO 2024-02-17 20:44:13,598 django.server Thread-4 (process_request_thread) 139725544351296 basehttp basehttp.py 179 django.server log_message 136974 "GET / HTTP/1.1" 200 2247
INFO 2024-02-17 20:44:18,754 django.server Thread-4 (process_request_thread) 139725544351296 basehttp basehttp.py 179 django.server log_message 136974 "GET /accounts/login/ HTTP/1.1" 200 1568
INFO 2024-02-17 20:44:33,136 django.server Thread-4 (process_request_thread) 139725544351296 basehttp basehttp.py 179 django.server log_message 136974 "POST /accounts/login/ HTTP/1.1" 302 0
INFO 2024-02-17 20:44:35,402 django.server Thread-4 (process_request_thread) 139725544351296 basehttp basehttp.py 179 django.server log_message 136974 "GET /api/home/ HTTP/1.1" 200 2377
INFO 2024-02-17 20:44:35,627 django.server Thread-4 (process_request_thread) 139725544351296 basehttp basehttp.py 179 django.server log_message 136974 "GET /static/homePageBg.jpeg HTTP/1.1" 200 76371
INFO 2024-02-17 20:44:39,689 django.server Thread-4 (process_request_thread) 139725544351296 basehttp basehttp.py 179 django.server log_message 136974 "POST /logout/ HTTP/1.1" 302 0
INFO 2024-02-17 20:44:39,904 django.server Thread-4 (process_request_thread) 139725544351296 basehttp basehttp.py 179 django.server log_message 136974 "GET /api/home/ HTTP/1.1" 302 0
INFO 2024-02-17 20:44:39,987 django.server Thread-4 (process_request_thread) 139725544351296 basehttp basehttp.py 179 django.server log_message 136974 "GET /must-authenticate/?next=/api/home/ HTTP/1.1" 200 1507
INFO 2024-02-17 20:45:50,309 django.server Thread-4 (process_request_thread) 139725544351296 basehttp basehttp.py 179 django.server log_message 136974 "GET /accounts/login/ HTTP/1.1" 200 1568
ERROR 2024-02-17 20:45:52,085 django.request Thread-4 (process_request_thread) 139725544351296 log log.py 225 django.request log_response 136974 Internal Server Error: /accounts/signup/
Traceback (most recent call last):
  File "/home/king/bootcamp_task/wsomething7/application/poncho/myvenv/lib/python3.10/site-packages/django/core/handlers/exception.py", line 47, in inner
    response = get_response(request)
  File "/home/king/bootcamp_task/wsomething7/application/poncho/myvenv/lib/python3.10/site-packages/django/core/handlers/base.py", line 181, in _get_response
    response = wrapped_callback(request, *callback_args, **callback_kwargs)
  File "/home/king/bootcamp_task/wsomething7/application/poncho/myvenv/lib/python3.10/site-packages/django/utils/decorators.py", line 130, in _wrapped_view
    response = view_func(request, *args, **kwargs)
  File "/home/king/bootcamp_task/wsomething7/application/poncho/poncho/accounts/views.py", line 26, in signup_view
    return render(request, 'accounts/signup.html', {'form': form})
  File "/home/king/bootcamp_task/wsomething7/application/poncho/myvenv/lib/python3.10/site-packages/django/shortcuts.py", line 19, in render
    content = loader.render_to_string(template_name, context, request, using=using)
  File "/home/king/bootcamp_task/wsomething7/application/poncho/myvenv/lib/python3.10/site-packages/django/template/loader.py", line 61, in render_to_string
    template = get_template(template_name, using=using)
  File "/home/king/bootcamp_task/wsomething7/application/poncho/myvenv/lib/python3.10/site-packages/django/template/loader.py", line 15, in get_template
    return engine.get_template(template_name)
  File "/home/king/bootcamp_task/wsomething7/application/poncho/myvenv/lib/python3.10/site-packages/django/template/backends/django.py", line 34, in get_template
    return Template(self.engine.get_template(template_name), self)
  File "/home/king/bootcamp_task/wsomething7/application/poncho/myvenv/lib/python3.10/site-packages/django/template/engine.py", line 163, in get_template
    template, origin = self.find_template(template_name)
  File "/home/king/bootcamp_task/wsomething7/application/poncho/myvenv/lib/python3.10/site-packages/django/template/engine.py", line 145, in find_template
    template = loader.get_template(name, skip=skip)
  File "/home/king/bootcamp_task/wsomething7/application/poncho/myvenv/lib/python3.10/site-packages/django/template/loaders/base.py", line 29, in get_template
    return Template(
  File "/home/king/bootcamp_task/wsomething7/application/poncho/myvenv/lib/python3.10/site-packages/django/template/base.py", line 155, in __init__
    self.nodelist = self.compile_nodelist()
  File "/home/king/bootcamp_task/wsomething7/application/poncho/myvenv/lib/python3.10/site-packages/django/template/base.py", line 199, in compile_nodelist
    return parser.parse()
  File "/home/king/bootcamp_task/wsomething7/application/poncho/myvenv/lib/python3.10/site-packages/django/template/base.py", line 508, in parse
    raise self.error(token, e)
  File "/home/king/bootcamp_task/wsomething7/application/poncho/myvenv/lib/python3.10/site-packages/django/template/base.py", line 506, in parse
    compiled_result = compile_func(self, token)
  File "/home/king/bootcamp_task/wsomething7/application/poncho/myvenv/lib/python3.10/site-packages/django/template/loader_tags.py", line 284, in do_extends
    nodelist = parser.parse()
  File "/home/king/bootcamp_task/wsomething7/application/poncho/myvenv/lib/python3.10/site-packages/django/template/base.py", line 508, in parse
    raise self.error(token, e)
  File "/home/king/bootcamp_task/wsomething7/application/poncho/myvenv/lib/python3.10/site-packages/django/template/base.py", line 506, in parse
    compiled_result = compile_func(self, token)
  File "/home/king/bootcamp_task/wsomething7/application/poncho/myvenv/lib/python3.10/site-packages/django/template/loader_tags.py", line 222, in do_block
    nodelist = parser.parse(('endblock',))
  File "/home/king/bootcamp_task/wsomething7/application/poncho/myvenv/lib/python3.10/site-packages/django/template/base.py", line 513, in parse
    self.unclosed_block_tag(parse_until)
  File "/home/king/bootcamp_task/wsomething7/application/poncho/myvenv/lib/python3.10/site-packages/django/template/base.py", line 574, in unclosed_block_tag
    raise self.error(token, msg)
django.template.exceptions.TemplateSyntaxError: Unclosed tag on line 8: 'block'. Looking for one of: endblock.
ERROR 2024-02-17 20:45:52,109 django.server Thread-4 (process_request_thread) 139725544351296 basehttp basehttp.py 179 django.server log_message 136974 "GET /accounts/signup/ HTTP/1.1" 500 184976
INFO 2024-02-17 20:46:09,806 django.server Thread-4 (process_request_thread) 139725544351296 basehttp basehttp.py 179 django.server log_message 136974 "GET /accounts/signup/ HTTP/1.1" 200 2548
INFO 2024-02-17 20:47:41,876 django.server Thread-4 (process_request_thread) 139725544351296 basehttp basehttp.py 179 django.server log_message 136974 "GET /accounts/signup/ HTTP/1.1" 200 2594
INFO 2024-02-17 20:48:02,454 django.server Thread-4 (process_request_thread) 139725544351296 basehttp basehttp.py 179 django.server log_message 136974 "GET /accounts/login/ HTTP/1.1" 200 1568
INFO 2024-02-17 20:49:17,864 django.server Thread-4 (process_request_thread) 139725544351296 basehttp basehttp.py 179 django.server log_message 136974 "GET /accounts/login/ HTTP/1.1" 200 1825
INFO 2024-02-17 20:50:38,443 django.server Thread-4 (process_request_thread) 139725544351296 basehttp basehttp.py 179 django.server log_message 136974 "GET /accounts/login/ HTTP/1.1" 200 1935
INFO 2024-02-17 20:50:49,030 django.server Thread-4 (process_request_thread) 139725544351296 basehttp basehttp.py 179 django.server log_message 136974 "POST /accounts/login/ HTTP/1.1" 200 1935
INFO 2024-02-17 20:51:27,817 django.server Thread-4 (process_request_thread) 139725544351296 basehttp basehttp.py 179 django.server log_message 136974 "POST /accounts/login/ HTTP/1.1" 200 2271
ERROR 2024-02-17 20:53:30,524 django.request Thread-4 (process_request_thread) 139725544351296 log log.py 225 django.request log_response 136974 Internal Server Error: /accounts/login/
Traceback (most recent call last):
  File "/home/king/bootcamp_task/wsomething7/application/poncho/myvenv/lib/python3.10/site-packages/django/core/handlers/exception.py", line 47, in inner
    response = get_response(request)
  File "/home/king/bootcamp_task/wsomething7/application/poncho/myvenv/lib/python3.10/site-packages/django/core/handlers/base.py", line 181, in _get_response
    response = wrapped_callback(request, *callback_args, **callback_kwargs)
  File "/home/king/bootcamp_task/wsomething7/application/poncho/myvenv/lib/python3.10/site-packages/django/views/decorators/csrf.py", line 54, in wrapped_view
    return view_func(*args, **kwargs)
  File "/home/king/bootcamp_task/wsomething7/application/poncho/poncho/accounts/views.py", line 44, in login_view
    return render(request, 'accounts/login.html', {'form': form})
  File "/home/king/bootcamp_task/wsomething7/application/poncho/myvenv/lib/python3.10/site-packages/django/shortcuts.py", line 19, in render
    content = loader.render_to_string(template_name, context, request, using=using)
  File "/home/king/bootcamp_task/wsomething7/application/poncho/myvenv/lib/python3.10/site-packages/django/template/loader.py", line 62, in render_to_string
    return template.render(context, request)
  File "/home/king/bootcamp_task/wsomething7/application/poncho/myvenv/lib/python3.10/site-packages/django/template/backends/django.py", line 61, in render
    return self.template.render(context)
  File "/home/king/bootcamp_task/wsomething7/application/poncho/myvenv/lib/python3.10/site-packages/django/template/base.py", line 176, in render
    return self._render(context)
  File "/home/king/bootcamp_task/wsomething7/application/poncho/myvenv/lib/python3.10/site-packages/django/template/base.py", line 168, in _render
    return self.nodelist.render(context)
  File "/home/king/bootcamp_task/wsomething7/application/poncho/myvenv/lib/python3.10/site-packages/django/template/base.py", line 977, in render
    return SafeString(''.join([
  File "/home/king/bootcamp_task/wsomething7/application/poncho/myvenv/lib/python3.10/site-packages/django/template/base.py", line 978, in <listcomp>
    node.render_annotated(context) for node in self
  File "/home/king/bootcamp_task/wsomething7/application/poncho/myvenv/lib/python3.10/site-packages/django/template/base.py", line 938, in render_annotated
    return self.render(context)
  File "/home/king/bootcamp_task/wsomething7/application/poncho/myvenv/lib/python3.10/site-packages/django/template/loader_tags.py", line 153, in render
    return compiled_parent._render(context)
  File "/home/king/bootcamp_task/wsomething7/application/poncho/myvenv/lib/python3.10/site-packages/django/template/base.py", line 168, in _render
    return self.nodelist.render(context)
  File "/home/king/bootcamp_task/wsomething7/application/poncho/myvenv/lib/python3.10/site-packages/django/template/base.py", line 977, in render
    return SafeString(''.join([
  File "/home/king/bootcamp_task/wsomething7/application/poncho/myvenv/lib/python3.10/site-packages/django/template/base.py", line 978, in <listcomp>
    node.render_annotated(context) for node in self
  File "/home/king/bootcamp_task/wsomething7/application/poncho/myvenv/lib/python3.10/site-packages/django/template/base.py", line 938, in render_annotated
    return self.render(context)
  File "/home/king/bootcamp_task/wsomething7/application/poncho/myvenv/lib/python3.10/site-packages/django/template/loader_tags.py", line 65, in render
    result = block.nodelist.render(context)
  File "/home/king/bootcamp_task/wsomething7/application/poncho/myvenv/lib/python3.10/site-packages/django/template/base.py", line 977, in render
    return SafeString(''.join([
  File "/home/king/bootcamp_task/wsomething7/application/poncho/myvenv/lib/python3.10/site-packages/django/template/base.py", line 978, in <listcomp>
    node.render_annotated(context) for node in self
  File "/home/king/bootcamp_task/wsomething7/application/poncho/myvenv/lib/python3.10/site-packages/django/template/base.py", line 938, in render_annotated
    return self.render(context)
  File "/home/king/bootcamp_task/wsomething7/application/poncho/myvenv/lib/python3.10/site-packages/django/template/defaulttags.py", line 445, in render
    url = reverse(view_name, args=args, kwargs=kwargs, current_app=current_app)
  File "/home/king/bootcamp_task/wsomething7/application/poncho/myvenv/lib/python3.10/site-packages/django/urls/base.py", line 86, in reverse
    return resolver._reverse_with_prefix(view, prefix, *args, **kwargs)
  File "/home/king/bootcamp_task/wsomething7/application/poncho/myvenv/lib/python3.10/site-packages/django/urls/resolvers.py", line 731, in _reverse_with_prefix
    raise NoReverseMatch(msg)
django.urls.exceptions.NoReverseMatch: Reverse for 'password_reset' not found. 'password_reset' is not a valid view function or pattern name.
ERROR 2024-02-17 20:53:30,535 django.server Thread-4 (process_request_thread) 139725544351296 basehttp basehttp.py 179 django.server log_message 136974 "POST /accounts/login/ HTTP/1.1" 500 182645
INFO 2024-02-17 20:53:47,474 django.server Thread-4 (process_request_thread) 139725544351296 basehttp basehttp.py 179 django.server log_message 136974 "POST /accounts/login/ HTTP/1.1" 200 2280
INFO 2024-02-17 20:54:16,852 django.server Thread-4 (process_request_thread) 139725544351296 basehttp basehttp.py 179 django.server log_message 136974 "POST /accounts/login/ HTTP/1.1" 200 2403
INFO 2024-02-17 20:54:45,280 django.server Thread-4 (process_request_thread) 139725544351296 basehttp basehttp.py 179 django.server log_message 136974 "POST /accounts/login/ HTTP/1.1" 302 0
INFO 2024-02-17 20:54:47,084 django.server Thread-4 (process_request_thread) 139725544351296 basehttp basehttp.py 179 django.server log_message 136974 "GET /api/home/ HTTP/1.1" 200 2377
INFO 2024-02-17 20:54:51,630 django.server Thread-4 (process_request_thread) 139725544351296 basehttp basehttp.py 179 django.server log_message 136974 "POST /logout/ HTTP/1.1" 302 0
INFO 2024-02-17 20:54:51,843 django.server Thread-4 (process_request_thread) 139725544351296 basehttp basehttp.py 179 django.server log_message 136974 "GET /api/home/ HTTP/1.1" 302 0
INFO 2024-02-17 20:54:51,907 django.server Thread-4 (process_request_thread) 139725544351296 basehttp basehttp.py 179 django.server log_message 136974 "GET /must-authenticate/?next=/api/home/ HTTP/1.1" 200 1507
INFO 2024-02-17 20:54:54,961 django.server Thread-4 (process_request_thread) 139725544351296 basehttp basehttp.py 179 django.server log_message 136974 "GET /accounts/login/ HTTP/1.1" 200 2280
INFO 2024-02-17 20:55:26,502 django.server Thread-4 (process_request_thread) 139725544351296 basehttp basehttp.py 179 django.server log_message 136974 "GET /accounts/login/ HTTP/1.1" 200 2184
INFO 2024-02-17 20:56:48,673 django.server Thread-4 (process_request_thread) 139725544351296 basehttp basehttp.py 179 django.server log_message 136974 "POST /accounts/login/ HTTP/1.1" 302 0
INFO 2024-02-17 20:56:50,834 django.server Thread-4 (process_request_thread) 139725544351296 basehttp basehttp.py 179 django.server log_message 136974 "GET /api/home/ HTTP/1.1" 200 2377
INFO 2024-02-17 20:56:58,821 django.server Thread-4 (process_request_thread) 139725544351296 basehttp basehttp.py 179 django.server log_message 136974 "GET /api/workout/ HTTP/1.1" 200 9582
INFO 2024-02-17 20:56:58,968 django.server Thread-15 (process_request_thread) 139725151139392 basehttp basehttp.py 179 django.server log_message 136974 "GET /static/rest_framework/css/bootstrap-tweaks.css HTTP/1.1" 200 3385
INFO 2024-02-17 20:56:58,976 django.server Thread-14 (process_request_thread) 139725501339200 basehttp basehttp.py 179 django.server log_message 136974 "GET /static/rest_framework/js/prettify-min.js HTTP/1.1" 200 13632
INFO 2024-02-17 20:56:58,979 django.server Thread-16 (process_request_thread) 139725142746688 basehttp basehttp.py 179 django.server log_message 136974 "GET /static/rest_framework/css/prettify.css HTTP/1.1" 200 817
INFO 2024-02-17 20:56:58,989 django.server Thread-13 (process_request_thread) 139725509731904 basehttp basehttp.py 179 django.server log_message 136974 "GET /static/rest_framework/js/bootstrap.min.js HTTP/1.1" 200 39680
INFO 2024-02-17 20:56:58,999 django.server Thread-12 (process_request_thread) 139725534910016 basehttp basehttp.py 179 django.server log_message 136974 "GET /static/rest_framework/js/jquery-3.5.1.min.js HTTP/1.1" 200 89476
INFO 2024-02-17 20:56:59,060 django.server Thread-12 (process_request_thread) 139725534910016 basehttp basehttp.py 179 django.server log_message 136974 "GET /static/rest_framework/js/csrf.js HTTP/1.1" 200 1719
INFO 2024-02-17 20:56:59,065 django.server Thread-16 (process_request_thread) 139725142746688 basehttp basehttp.py 179 django.server log_message 136974 "GET /static/rest_framework/js/ajax-form.js HTTP/1.1" 200 3597
INFO 2024-02-17 20:56:59,069 django.server Thread-15 (process_request_thread) 139725151139392 basehttp basehttp.py 179 django.server log_message 136974 "GET /static/rest_framework/css/default.css HTTP/1.1" 200 1152
INFO 2024-02-17 20:56:59,070 django.server Thread-13 (process_request_thread) 139725509731904 basehttp basehttp.py 179 django.server log_message 136974 "GET /static/rest_framework/js/default.js HTTP/1.1" 200 1268
INFO 2024-02-17 20:56:59,091 django.server Thread-4 (process_request_thread) 139725544351296 basehttp basehttp.py 179 django.server log_message 136974 "GET /static/rest_framework/css/bootstrap.min.css HTTP/1.1" 200 121457
INFO 2024-02-17 20:56:59,259 django.server Thread-4 (process_request_thread) 139725544351296 basehttp basehttp.py 179 django.server log_message 136974 "GET /static/rest_framework/img/grid.png HTTP/1.1" 200 1458
